

% .pointsz,	.L1,	.L1,	.L1,	.L1 # table_name
% id,	type,	x,	y,	z # name
% clob,	char,	double,	double,	double # type
% 33,	5,	24,	24,	24 # length
[ "A26147A96B4C1423BE0532B0B5B0A7DE2",	"light",	93821.504,	463986.075,	5.803875	]
[ "A26147A99ADD2423BE0532B0B5B0A7DE2",	"light",	93879.669,	463893.317,	6.2527	]
[ "A26147A96BE3A423BE0532B0B5B0A7DE2",	"light",	93896.388,	463896.918,	7.373823529411765	]
[ "A26147A96ACB7423BE0532B0B5B0A7DE2",	"light",	93900.887,	463905.945,	8.78664705882353	]
[ "A26147A969C1D423BE0532B0B5B0A7DE2",	"light",	93910.941,	463901.263,	8.225999999999999	]
% .trace,	.trace # table_name
% usec,	statement # name
% bigint,	clob # type
% 7,	1762 # length
[ 2,	"X_245=\"trace with\\nbounds as (\\n select st_makeenvelope(_west, _south, _east, _north, 28992) as geom\\n),\\npointcloud_unclassified as(\\n select\\n st_setsrid(st_makepoint(x, y, z), 28992) as geom, z\\n from ahn3, bounds\\n where\\n x between _west and _east and\\n y between _south and _north and\\n \\n [geom] dwithin [x, y, z, 28992, 10] and\\n c = 1 and\\n r = 1 and\\n i > 150\\n),\\npoints as (\\n select a.gml_id as id, a.wkt as geom\\n from bgt_paal a, bounds d\\n where\\n (plus_type = \\\\'lichtmast\\\\' or plus_type is null)\\n and [a.wkt] intersects [d.geom]\\n),\\npointsz as (\\n select a.id, st_translate(st_force3d(a.geom), 0, 0, avg(z)+5) as geom\\n from points a\\n left join\\n pointcloud_unclassified b on\\n \\n [b.geom] dwithin [a.geom,1]\\n group by a.id, a.geom\\n)\\nselect id, \\\\'light\\\\' as type, st_x(geom) as x, st_y(geom) as y, st_z(geom) as z from pointsz;\":void := querylog.define(\"trace with\\nbounds as (\\n select st_makeenvelope(_west, _south, _east, _north, 28992) as geom\\n),\\npointcloud_unclassified as(\\n select\\n st_setsrid(st_makepoint(x, y, z), 28992) as geom, z\\n from ahn3, bounds\\n where\\n x between _west and _east and\\n y between _south and _north and\\n \\n [geom] dwithin [x, y, z, 28992, 10] and\\n c = 1 and\\n r = 1 and\\n i > 150\\n),\\npoints as (\\n select a.gml_id as id, a.wkt as geom\\n from bgt_paal a, bounds d\\n where\\n (plus_type = \\\\'lichtmast\\\\' or plus_type is null)\\n and [a.wkt] intersects [d.geom]\\n),\\npointsz as (\\n select a.id, st_translate(st_force3d(a.geom), 0, 0, avg(z)+5) as geom\\n from points a\\n left join\\n pointcloud_unclassified b on\\n \\n [b.geom] dwithin [a.geom,1]\\n group by a.id, a.geom\\n)\\nselect id, \\\\'light\\\\' as type, st_x(geom) as x, st_y(geom) as y, st_z(geom) as z from pointsz;\":str,\"default_pipe\":str,506:int);"	]
[ 4,	"X_0=0:int := sql.mvc();"	]
[ 18,	"X_1=<tmp_4600>[0]:bat[:wkb] := bat.new(nil:wkb);"	]
[ 1516,	"barrier X_621=false:bit := language.dataflow();"	]
[ 5,	"X_5=938160:int := sql.getVariable(X_0=0:int,\"_west\":str);"	]
[ 2,	"X_6=93816:dbl := calc.dbl(1:int,X_5=938160:int);"	]
[ 1,	"X_10=4638910:int := sql.getVariable(X_0=0:int,\"_south\":str);"	]
[ 0,	"X_11=463891:dbl := calc.dbl(1:int,X_10=4638910:int);"	]
[ 1,	"X_14=939160:int := sql.getVariable(X_0=0:int,\"_east\":str);"	]
[ 1,	"X_15=93916:dbl := calc.dbl(1:int,X_14=939160:int);"	]
[ 2,	"X_18=4639910:int := sql.getVariable(X_0=0:int,\"_north\":str);"	]
[ 9,	"X_19=463991:dbl := calc.dbl(1:int,X_18=4639910:int);"	]
[ 21,	"C_270=<tmp_631>[86147165]:bat[:oid] := sql.tid(X_0=0:int,\"sys\":str,\"c_30fz1\":str,7:int,8:int);"	]
[ 30,	"C_268=<tmp_3505>[86147162]:bat[:oid] := sql.tid(X_0=0:int,\"sys\":str,\"c_30fz1\":str,6:int,8:int);"	]
[ 8,	"C_258=<tmp_4546>[86147162]:bat[:oid] := sql.tid(X_0=0:int,\"sys\":str,\"c_30fz1\":str,1:int,8:int);"	]
[ 26,	"C_256=<tmp_2315>[86147162]:bat[:oid] := sql.tid(X_0=0:int,\"sys\":str,\"c_30fz1\":str,0:int,8:int);"	]
[ 8,	"C_260=<tmp_6434>[86147162]:bat[:oid] := sql.tid(X_0=0:int,\"sys\":str,\"c_30fz1\":str,2:int,8:int);"	]
[ 25,	"C_262=<tmp_2112>[86147162]:bat[:oid] := sql.tid(X_0=0:int,\"sys\":str,\"c_30fz1\":str,3:int,8:int);"	]
[ 9456,	"X_278=<tmp_2617>[86147165]:bat[:int] := sql.bind(X_0=0:int,\"sys\":str,\"c_30fz1\":str,\"y\":str,0:int,7:int,8:int);"	]
[ 8294,	"X_274=<tmp_1675>[86147162]:bat[:int] := sql.bind(X_0=0:int,\"sys\":str,\"c_30fz1\":str,\"y\":str,0:int,3:int,8:int);"	]
[ 9403,	"x=\"\"POLYGON ((93816 463891, 93816 463991, 93916 463991, 93916 463891, 93816 463891))\"\":wkb := geom.EnvelopeFromCoordinates(xmin=93816:dbl,ymin=463891:dbl,xmax=93916:dbl,ymax=463991:dbl,srid=28992:int);"	]
[ 9622,	"function geom.MakeEnvelope(xmin:dbl,ymin:dbl,xmax:dbl,ymax:dbl,srid:int):wkb;"	]
[ 34,	"X_341=<tmp_5166>[86147162]:bat[:int] := algebra.projection(C_262=<tmp_2112>[86147162]:bat[:oid],X_274=<tmp_1675>[86147162]:bat[:int]);"	]
[ 9677,	"X_21=\"\"POLYGON ((93816 463891, 93816 463991, 93916 463991, 93916 463891, 93816 463891))\"\":wkb := geom.MakeEnvelope(X_6=93816:dbl,X_11=463891:dbl,X_15=93916:dbl,X_19=463991:dbl,A0=28992:int);"	]
[ 13,	"C_264=<tmp_1675>[86147162]:bat[:oid] := sql.tid(X_0=0:int,\"sys\":str,\"c_30fz1\":str,4:int,8:int);"	]
[ 10,	"X_22=<tmp_531>[1]:bat[:wkb] := sql.single(X_21=\"\"POLYGON ((93816 463891, 93816 463991, 93916 463991, 93916 463891, 93816 463891))\"\":wkb);"	]
[ 30,	"X_276=<tmp_12515>[86147162]:bat[:int] := sql.bind(X_0=0:int,\"sys\":str,\"c_30fz1\":str,\"y\":str,0:int,5:int,8:int);"	]
[ 14,	"C_266=<tmp_11246>[86147162]:bat[:oid] := sql.tid(X_0=0:int,\"sys\":str,\"c_30fz1\":str,5:int,8:int);"	]
[ 105,	"X_343=<tmp_4342>[86147162]:bat[:int] := algebra.projection(C_266=<tmp_11246>[86147162]:bat[:oid],X_276=<tmp_12515>[86147162]:bat[:int]);"	]
[ 12418,	"X_272=<tmp_562>[86147162]:bat[:int] := sql.bind(X_0=0:int,\"sys\":str,\"c_30fz1\":str,\"y\":str,0:int,1:int,8:int);"	]
[ 12274,	"X_273=<tmp_577>[86147162]:bat[:int] := sql.bind(X_0=0:int,\"sys\":str,\"c_30fz1\":str,\"y\":str,0:int,2:int,8:int);"	]
[ 17,	"X_339=<tmp_445>[86147162]:bat[:int] := algebra.projection(C_258=<tmp_4546>[86147162]:bat[:oid],X_272=<tmp_562>[86147162]:bat[:int]);"	]
[ 10,	"X_340=<tmp_5373>[86147162]:bat[:int] := algebra.projection(C_260=<tmp_6434>[86147162]:bat[:oid],X_273=<tmp_577>[86147162]:bat[:int]);"	]
[ 4116,	"X_275=<tmp_560>[86147162]:bat[:int] := sql.bind(X_0=0:int,\"sys\":str,\"c_30fz1\":str,\"y\":str,0:int,4:int,8:int);"	]
[ 12,	"X_342=<tmp_4764>[86147162]:bat[:int] := algebra.projection(C_264=<tmp_1675>[86147162]:bat[:oid],X_275=<tmp_560>[86147162]:bat[:int]);"	]
[ 23,	"X_345=<tmp_1646>[86147165]:bat[:int] := algebra.projection(C_270=<tmp_631>[86147165]:bat[:oid],X_278=<tmp_2617>[86147165]:bat[:int]);"	]
[ 16398,	"X_271=<tmp_4765>[86147162]:bat[:int] := sql.bind(X_0=0:int,\"sys\":str,\"c_30fz1\":str,\"y\":str,0:int,0:int,8:int);"	]
[ 16375,	"X_277=<tmp_464>[86147162]:bat[:int] := sql.bind(X_0=0:int,\"sys\":str,\"c_30fz1\":str,\"y\":str,0:int,6:int,8:int);"	]
[ 59,	"X_344=<tmp_3052>[86147162]:bat[:int] := algebra.projection(C_268=<tmp_3505>[86147162]:bat[:oid],X_277=<tmp_464>[86147162]:bat[:int]);"	]
[ 33,	"X_338=<tmp_76>[86147162]:bat[:int] := algebra.projection(C_256=<tmp_2315>[86147162]:bat[:oid],X_271=<tmp_4765>[86147162]:bat[:int]);"	]
[ 20958,	"barrier X_624=false:bit := language.dataflow();"	]
[ 6,	"X_31=4638910:int := sql.getVariable(X_0=0:int,\"_south\":str);"	]
[ 1,	"X_32=463891000:int := calc.int(1:int,X_31=4638910:int,9:int,3:int);"	]
[ 2,	"X_36=4639910:int := sql.getVariable(X_0=0:int,\"_north\":str);"	]
[ 4,	"X_37=463991000:int := calc.int(1:int,X_36=4639910:int,9:int,3:int);"	]
[ 117,	"X_286=<tmp_464>[86147165]:bat[:int] := sql.bind(X_0=0:int,\"sys\":str,\"c_30fz1\":str,\"x\":str,0:int,7:int,8:int);"	]
[ 76,	"X_284=<tmp_2617>[86147162]:bat[:int] := sql.bind(X_0=0:int,\"sys\":str,\"c_30fz1\":str,\"x\":str,0:int,5:int,8:int);"	]
[ 46,	"X_351=<tmp_3226>[86147162]:bat[:int] := algebra.projection(C_266=<tmp_11246>[86147162]:bat[:oid],X_284=<tmp_2617>[86147162]:bat[:int]);"	]
[ 4223,	"X_279=<tmp_12515>[86147162]:bat[:int] := sql.bind(X_0=0:int,\"sys\":str,\"c_30fz1\":str,\"x\":str,0:int,0:int,8:int);"	]
[ 40,	"X_353=<tmp_5372>[86147165]:bat[:int] := algebra.projection(C_270=<tmp_631>[86147165]:bat[:oid],X_286=<tmp_464>[86147165]:bat[:int]);"	]
[ 8311,	"X_281=<tmp_562>[86147162]:bat[:int] := sql.bind(X_0=0:int,\"sys\":str,\"c_30fz1\":str,\"x\":str,0:int,2:int,8:int);"	]
[ 76,	"X_346=<tmp_6636>[86147162]:bat[:int] := algebra.projection(C_256=<tmp_2315>[86147162]:bat[:oid],X_279=<tmp_12515>[86147162]:bat[:int]);"	]
[ 12417,	"X_280=<tmp_577>[86147162]:bat[:int] := sql.bind(X_0=0:int,\"sys\":str,\"c_30fz1\":str,\"x\":str,0:int,1:int,8:int);"	]
[ 68,	"X_348=<tmp_12721>[86147162]:bat[:int] := algebra.projection(C_260=<tmp_6434>[86147162]:bat[:oid],X_281=<tmp_562>[86147162]:bat[:int]);"	]
[ 16499,	"X_282=<tmp_560>[86147162]:bat[:int] := sql.bind(X_0=0:int,\"sys\":str,\"c_30fz1\":str,\"x\":str,0:int,3:int,8:int);"	]
[ 21,	"X_347=<tmp_5607>[86147162]:bat[:int] := algebra.projection(C_258=<tmp_4546>[86147162]:bat[:oid],X_280=<tmp_577>[86147162]:bat[:int]);"	]
[ 11,	"X_349=<tmp_12277>[86147162]:bat[:int] := algebra.projection(C_262=<tmp_2112>[86147162]:bat[:oid],X_282=<tmp_560>[86147162]:bat[:int]);"	]
[ 20536,	"X_283=<tmp_4765>[86147162]:bat[:int] := sql.bind(X_0=0:int,\"sys\":str,\"c_30fz1\":str,\"x\":str,0:int,4:int,8:int);"	]
[ 20600,	"X_285=<tmp_1606>[86147162]:bat[:int] := sql.bind(X_0=0:int,\"sys\":str,\"c_30fz1\":str,\"x\":str,0:int,6:int,8:int);"	]
[ 31,	"X_350=<tmp_6040>[86147162]:bat[:int] := algebra.projection(C_264=<tmp_1675>[86147162]:bat[:oid],X_283=<tmp_4765>[86147162]:bat[:int]);"	]
[ 78,	"X_352=<tmp_1757>[86147162]:bat[:int] := algebra.projection(C_268=<tmp_3505>[86147162]:bat[:oid],X_285=<tmp_1606>[86147162]:bat[:int]);"	]
[ 25507,	"barrier X_627=false:bit := language.dataflow();"	]
[ 6,	"X_43=938160:int := sql.getVariable(X_0=0:int,\"_west\":str);"	]
[ 1,	"X_44=93816000:int := calc.int(1:int,X_43=938160:int,9:int,3:int);"	]
[ 1,	"X_48=939160:int := sql.getVariable(X_0=0:int,\"_east\":str);"	]
[ 13,	"X_176=<tmp_464>[0]:bat[:int] := bat.new(nil:int);"	]
[ 123,	"X_336=<tmp_577>[86147165]:bat[:int] := sql.bind(X_0=0:int,\"sys\":str,\"c_30fz1\":str,\"z\":str,0:int,7:int,8:int);"	]
[ 79,	"X_303=<tmp_4765>[86147165]:bat[:sht] := sql.bind(X_0=0:int,\"sys\":str,\"c_30fz1\":str,\"i\":str,0:int,7:int,8:int);"	]
[ 46,	"X_361=<tmp_11670>[86147165]:bat[:sht] := algebra.projection(C_270=<tmp_631>[86147165]:bat[:oid],X_303=<tmp_4765>[86147165]:bat[:sht]);"	]
[ 287,	"X_319=<tmp_12515>[86147165]:bat[:bte] := sql.bind(X_0=0:int,\"sys\":str,\"c_30fz1\":str,\"c\":str,0:int,7:int,8:int);"	]
[ 15,	"X_150=<tmp_562>[0]:bat[:str] := bat.new(nil:str);"	]
[ 171,	"X_203=<tmp_2617>[0]:bat[:str] := bat.new(nil:str);"	]
[ 387,	"X_334=<tmp_1716>[86147162]:bat[:int] := sql.bind(X_0=0:int,\"sys\":str,\"c_30fz1\":str,\"z\":str,0:int,6:int,8:int);"	]
[ 148,	"X_201=<tmp_1606>[0]:bat[:str] := bat.new(nil:str);"	]
[ 65,	"X_310=<tmp_4765>[86147162]:bat[:sht] := sql.bind(X_0=0:int,\"sys\":str,\"c_30fz1\":str,\"r\":str,0:int,6:int,8:int);"	]
[ 6,	"X_209=<tmp_2617>[1]:bat[:str] := bat.append(X_203=<tmp_2617>[1]:bat[:str],\"id\":str);"	]
[ 407,	"X_377=<tmp_7055>[86147165]:bat[:bte] := algebra.projection(C_270=<tmp_631>[86147165]:bat[:oid],X_319=<tmp_12515>[86147165]:bat[:bte]);"	]
[ 6,	"X_218=<tmp_2617>[2]:bat[:str] := bat.append(X_209=<tmp_2617>[2]:bat[:str],\"type\":str);"	]
[ 19,	"X_207=<tmp_1606>[1]:bat[:str] := bat.append(X_201=<tmp_1606>[1]:bat[:str],\".pointsz\":str);"	]
[ 46,	"X_368=<tmp_5165>[86147162]:bat[:sht] := algebra.projection(C_268=<tmp_3505>[86147162]:bat[:oid],X_310=<tmp_4765>[86147162]:bat[:sht]);"	]
[ 161,	"X_301=<tmp_645>[86147162]:bat[:sht] := sql.bind(X_0=0:int,\"sys\":str,\"c_30fz1\":str,\"i\":str,0:int,6:int,8:int);"	]
[ 3,	"X_226=<tmp_2617>[3]:bat[:str] := bat.append(X_218=<tmp_2617>[3]:bat[:str],\"x\":str);"	]
[ 3,	"X_216=<tmp_1606>[2]:bat[:str] := bat.append(X_207=<tmp_1606>[2]:bat[:str],\".L1\":str);"	]
[ 37,	"X_332=<tmp_12515>[86147162]:bat[:int] := sql.bind(X_0=0:int,\"sys\":str,\"c_30fz1\":str,\"z\":str,0:int,5:int,8:int);"	]
[ 2,	"X_234=<tmp_2617>[4]:bat[:str] := bat.append(X_226=<tmp_2617>[4]:bat[:str],\"y\":str);"	]
[ 2,	"X_240=<tmp_2617>[5]:bat[:str] := bat.append(X_234=<tmp_2617>[5]:bat[:str],\"z\":str);"	]
[ 40,	"X_317=<tmp_4765>[86147162]:bat[:bte] := sql.bind(X_0=0:int,\"sys\":str,\"c_30fz1\":str,\"c\":str,0:int,5:int,8:int);"	]
[ 82,	"X_311=<tmp_560>[86147165]:bat[:sht] := sql.bind(X_0=0:int,\"sys\":str,\"c_30fz1\":str,\"r\":str,0:int,7:int,8:int);"	]
[ 223,	"X_360=<tmp_3144>[86147162]:bat[:sht] := algebra.projection(C_268=<tmp_3505>[86147162]:bat[:oid],X_301=<tmp_645>[86147162]:bat[:sht]);"	]
[ 5,	"X_225=<tmp_1606>[3]:bat[:str] := bat.append(X_216=<tmp_1606>[3]:bat[:str],\".L1\":str);"	]
[ 269,	"X_375=<tmp_10400>[86147162]:bat[:bte] := algebra.projection(C_266=<tmp_11246>[86147162]:bat[:oid],X_317=<tmp_4765>[86147162]:bat[:bte]);"	]
[ 62,	"X_299=<tmp_645>[86147162]:bat[:sht] := sql.bind(X_0=0:int,\"sys\":str,\"c_30fz1\":str,\"i\":str,0:int,5:int,8:int);"	]
[ 347,	"X_204=<tmp_2267>[0]:bat[:str] := bat.new(nil:str);"	]
[ 5,	"X_233=<tmp_1606>[4]:bat[:str] := bat.append(X_225=<tmp_1606>[4]:bat[:str],\".L1\":str);"	]
[ 64,	"X_359=<tmp_3363>[86147162]:bat[:sht] := algebra.projection(C_266=<tmp_11246>[86147162]:bat[:oid],X_299=<tmp_645>[86147162]:bat[:sht]);"	]
[ 7,	"X_211=<tmp_2267>[1]:bat[:str] := bat.append(X_204=<tmp_2267>[1]:bat[:str],\"clob\":str);"	]
[ 14,	"X_220=<tmp_2267>[2]:bat[:str] := bat.append(X_211=<tmp_2267>[2]:bat[:str],\"char\":str);"	]
[ 4,	"X_239=<tmp_1606>[5]:bat[:str] := bat.append(X_233=<tmp_1606>[5]:bat[:str],\".L1\":str);"	]
[ 157,	"X_369=<tmp_5001>[86147165]:bat[:sht] := algebra.projection(C_270=<tmp_631>[86147165]:bat[:oid],X_311=<tmp_560>[86147165]:bat[:sht]);"	]
[ 3,	"X_228=<tmp_2267>[3]:bat[:str] := bat.append(X_220=<tmp_2267>[3]:bat[:str],\"double\":str);"	]
[ 52,	"X_330=<tmp_645>[86147162]:bat[:int] := sql.bind(X_0=0:int,\"sys\":str,\"c_30fz1\":str,\"z\":str,0:int,4:int,8:int);"	]
[ 5,	"X_236=<tmp_2267>[4]:bat[:str] := bat.append(X_228=<tmp_2267>[4]:bat[:str],\"double\":str);"	]
[ 15,	"X_316=<tmp_1242>[86147162]:bat[:bte] := sql.bind(X_0=0:int,\"sys\":str,\"c_30fz1\":str,\"c\":str,0:int,4:int,8:int);"	]
[ 13,	"X_374=<tmp_1255>[86147162]:bat[:bte] := algebra.projection(C_264=<tmp_1675>[86147162]:bat[:oid],X_316=<tmp_1242>[86147162]:bat[:bte]);"	]
[ 1845,	"X_308=<tmp_560>[86147162]:bat[:sht] := sql.bind(X_0=0:int,\"sys\":str,\"c_30fz1\":str,\"r\":str,0:int,4:int,8:int);"	]
[ 249,	"X_297=<tmp_3610>[86147162]:bat[:sht] := sql.bind(X_0=0:int,\"sys\":str,\"c_30fz1\":str,\"i\":str,0:int,4:int,8:int);"	]
[ 4,	"X_242=<tmp_2267>[5]:bat[:str] := bat.append(X_236=<tmp_2267>[5]:bat[:str],\"double\":str);"	]
[ 64,	"X_328=<tmp_6012>[86147162]:bat[:int] := sql.bind(X_0=0:int,\"sys\":str,\"c_30fz1\":str,\"z\":str,0:int,3:int,8:int);"	]
[ 1629,	"X_366=<tmp_5606>[86147162]:bat[:sht] := algebra.projection(C_264=<tmp_1675>[86147162]:bat[:oid],X_308=<tmp_560>[86147162]:bat[:sht]);"	]
[ 12,	"X_205=<tmp_2005>[0]:bat[:int] := bat.new(nil:int);"	]
[ 4096,	"X_318=<tmp_13137>[86147162]:bat[:bte] := sql.bind(X_0=0:int,\"sys\":str,\"c_30fz1\":str,\"c\":str,0:int,6:int,8:int);"	]
[ 8,	"X_213=<tmp_2005>[1]:bat[:int] := bat.append(X_205=<tmp_2005>[1]:bat[:int],0:int);"	]
[ 32,	"X_315=<tmp_560>[86147162]:bat[:bte] := sql.bind(X_0=0:int,\"sys\":str,\"c_30fz1\":str,\"c\":str,0:int,3:int,8:int);"	]
[ 1715,	"X_358=<tmp_4034>[86147162]:bat[:sht] := algebra.projection(C_264=<tmp_1675>[86147162]:bat[:oid],X_297=<tmp_3610>[86147162]:bat[:sht]);"	]
[ 5,	"X_222=<tmp_2005>[2]:bat[:int] := bat.append(X_213=<tmp_2005>[2]:bat[:int],5:int);"	]
[ 10,	"X_373=<tmp_6011>[86147162]:bat[:bte] := algebra.projection(C_262=<tmp_2112>[86147162]:bat[:oid],X_315=<tmp_560>[86147162]:bat[:bte]);"	]
[ 108,	"X_307=<tmp_6231>[86147162]:bat[:sht] := sql.bind(X_0=0:int,\"sys\":str,\"c_30fz1\":str,\"r\":str,0:int,3:int,8:int);"	]
[ 17,	"X_376=<tmp_13344>[86147162]:bat[:bte] := algebra.projection(C_268=<tmp_3505>[86147162]:bat[:oid],X_318=<tmp_13137>[86147162]:bat[:bte]);"	]
[ 4,	"X_230=<tmp_2005>[3]:bat[:int] := bat.append(X_222=<tmp_2005>[3]:bat[:int],53:int);"	]
[ 3,	"X_237=<tmp_2005>[4]:bat[:int] := bat.append(X_230=<tmp_2005>[4]:bat[:int],53:int);"	]
[ 107,	"X_295=<tmp_3610>[86147162]:bat[:sht] := sql.bind(X_0=0:int,\"sys\":str,\"c_30fz1\":str,\"i\":str,0:int,3:int,8:int);"	]
[ 1613,	"X_357=<tmp_4243>[86147162]:bat[:sht] := algebra.projection(C_262=<tmp_2112>[86147162]:bat[:oid],X_295=<tmp_3610>[86147162]:bat[:sht]);"	]
[ 4,	"X_243=<tmp_2005>[5]:bat[:int] := bat.append(X_237=<tmp_2005>[5]:bat[:int],53:int);"	]
[ 1406,	"X_365=<tmp_6435>[86147162]:bat[:sht] := algebra.projection(C_262=<tmp_2112>[86147162]:bat[:oid],X_307=<tmp_6231>[86147162]:bat[:sht]);"	]
[ 54,	"X_206=<tmp_2521>[0]:bat[:int] := bat.new(nil:int);"	]
[ 1774,	"X_326=<tmp_3610>[86147162]:bat[:int] := sql.bind(X_0=0:int,\"sys\":str,\"c_30fz1\":str,\"z\":str,0:int,2:int,8:int);"	]
[ 11,	"X_215=<tmp_2521>[1]:bat[:int] := bat.append(X_206=<tmp_2521>[1]:bat[:int],0:int);"	]
[ 4,	"X_224=<tmp_2521>[2]:bat[:int] := bat.append(X_215=<tmp_2521>[2]:bat[:int],0:int);"	]
[ 18,	"X_314=<tmp_6231>[86147162]:bat[:bte] := sql.bind(X_0=0:int,\"sys\":str,\"c_30fz1\":str,\"c\":str,0:int,2:int,8:int);"	]
[ 3,	"X_232=<tmp_2521>[3]:bat[:int] := bat.append(X_224=<tmp_2521>[3]:bat[:int],0:int);"	]
[ 12,	"X_372=<tmp_6653>[86147162]:bat[:bte] := algebra.projection(C_260=<tmp_6434>[86147162]:bat[:oid],X_314=<tmp_6231>[86147162]:bat[:bte]);"	]
[ 3,	"X_238=<tmp_2521>[4]:bat[:int] := bat.append(X_232=<tmp_2521>[4]:bat[:int],0:int);"	]
[ 99,	"X_306=<tmp_4462>[86147162]:bat[:sht] := sql.bind(X_0=0:int,\"sys\":str,\"c_30fz1\":str,\"r\":str,0:int,2:int,8:int);"	]
[ 3,	"X_244=<tmp_2521>[5]:bat[:int] := bat.append(X_238=<tmp_2521>[5]:bat[:int],0:int);"	]
[ 1581,	"X_289=<tmp_4341>[86147162]:bat[:sht] := sql.bind(X_0=0:int,\"sys\":str,\"c_30fz1\":str,\"i\":str,0:int,0:int,8:int);"	]
[ 1565,	"X_364=<tmp_4702>[86147162]:bat[:sht] := algebra.projection(C_260=<tmp_6434>[86147162]:bat[:oid],X_306=<tmp_4462>[86147162]:bat[:sht]);"	]
[ 103,	"X_354=<tmp_1275>[86147162]:bat[:sht] := algebra.projection(C_256=<tmp_2315>[86147162]:bat[:oid],X_289=<tmp_4341>[86147162]:bat[:sht]);"	]
[ 142,	"X_304=<tmp_4341>[86147162]:bat[:sht] := sql.bind(X_0=0:int,\"sys\":str,\"c_30fz1\":str,\"r\":str,0:int,0:int,8:int);"	]
[ 42,	"X_362=<tmp_6667>[86147162]:bat[:sht] := algebra.projection(C_256=<tmp_2315>[86147162]:bat[:oid],X_304=<tmp_4341>[86147162]:bat[:sht]);"	]
[ 9,	"X_312=<tmp_4341>[86147162]:bat[:bte] := sql.bind(X_0=0:int,\"sys\":str,\"c_30fz1\":str,\"c\":str,0:int,0:int,8:int);"	]
[ 7,	"X_370=<tmp_7536>[86147162]:bat[:bte] := algebra.projection(C_256=<tmp_2315>[86147162]:bat[:oid],X_312=<tmp_4341>[86147162]:bat[:bte]);"	]
[ 13254,	"X_309=<tmp_7261>[86147162]:bat[:sht] := sql.bind(X_0=0:int,\"sys\":str,\"c_30fz1\":str,\"r\":str,0:int,5:int,8:int);"	]
[ 132,	"X_367=<tmp_7506>[86147162]:bat[:sht] := algebra.projection(C_266=<tmp_11246>[86147162]:bat[:oid],X_309=<tmp_7261>[86147162]:bat[:sht]);"	]
[ 58,	"X_324=<tmp_7261>[86147162]:bat[:int] := sql.bind(X_0=0:int,\"sys\":str,\"c_30fz1\":str,\"z\":str,0:int,1:int,8:int);"	]
[ 11,	"X_313=<tmp_7726>[86147162]:bat[:bte] := sql.bind(X_0=0:int,\"sys\":str,\"c_30fz1\":str,\"c\":str,0:int,1:int,8:int);"	]
[ 11,	"X_371=<tmp_10132>[86147162]:bat[:bte] := algebra.projection(C_258=<tmp_4546>[86147162]:bat[:oid],X_313=<tmp_7726>[86147162]:bat[:bte]);"	]
[ 4715,	"X_293=<tmp_4462>[86147162]:bat[:sht] := sql.bind(X_0=0:int,\"sys\":str,\"c_30fz1\":str,\"i\":str,0:int,2:int,8:int);"	]
[ 100,	"X_356=<tmp_5104>[86147162]:bat[:sht] := algebra.projection(C_260=<tmp_6434>[86147162]:bat[:oid],X_293=<tmp_4462>[86147162]:bat[:sht]);"	]
[ 185,	"X_305=<tmp_4462>[86147162]:bat[:sht] := sql.bind(X_0=0:int,\"sys\":str,\"c_30fz1\":str,\"r\":str,0:int,1:int,8:int);"	]
[ 125,	"X_363=<tmp_5310>[86147162]:bat[:sht] := algebra.projection(C_258=<tmp_4546>[86147162]:bat[:oid],X_305=<tmp_4462>[86147162]:bat[:sht]);"	]
[ 200,	"X_291=<tmp_4462>[86147162]:bat[:sht] := sql.bind(X_0=0:int,\"sys\":str,\"c_30fz1\":str,\"i\":str,0:int,1:int,8:int);"	]
[ 137,	"X_355=<tmp_5525>[86147162]:bat[:sht] := algebra.projection(C_258=<tmp_4546>[86147162]:bat[:oid],X_291=<tmp_4462>[86147162]:bat[:sht]);"	]
[ 96,	"X_120=<tmp_21660>[516286]:bat[:wkb] := sql.bind(X_0=0:int,\"sys\":str,\"bgt_paal\":str,\"wkt\":str,0:int);"	]
[ 79,	"X_106=<tmp_21675>[516286]:bat[:str] := sql.bind(X_0=0:int,\"sys\":str,\"bgt_paal\":str,\"plus_type\":str,0:int);"	]
[ 11,	"C_104=<tmp_4462>[516286]:bat[:oid] := sql.tid(X_0=0:int,\"sys\":str,\"bgt_paal\":str);"	]
[ 13,	"X_108=<tmp_5730>[516286]:bat[:str] := algebra.projection(C_104=<tmp_4462>[516286]:bat[:oid],X_106=<tmp_21675>[516286]:bat[:str]);"	]
[ 7210,	"C_110=<tmp_6146>[261765]:bat[:oid] := algebra.subselect(X_108=<tmp_5730>[516286]:bat[:str],A7=\"lichtmast\":str,A7=\"lichtmast\":str,true:bit,false:bit,false:bit);"	]
[ 7509,	"X_114=<tmp_6352>[516286]:bat[:bit] := batcalc.isnil(X_108=<tmp_5730>[516286]:bat[:str]);"	]
[ 5,	"language.pass(X_108=<tmp_5730>[516286]:bat[:str]);"	]
[ 2609,	"C_118=<tmp_5730>[13175]:bat[:oid] := algebra.subselect(X_114=<tmp_6352>[516286]:bat[:bit],true:bit,true:bit,true:bit,false:bit,false:bit);"	]
[ 13387,	"X_119=<tmp_6352>[274940]:bat[:oid] := bat.mergecand(C_110=<tmp_6146>[261765]:bat[:oid],C_118=<tmp_5730>[13175]:bat[:oid]);"	]
[ 29915,	"X_123=<tmp_5730>[274940]:bat[:wkb] := algebra.projectionpath(X_119=<tmp_6352>[274940]:bat[:oid],C_104=<tmp_4462>[516286]:bat[:oid],X_120=<tmp_21660>[516286]:bat[:wkb]);"	]
[ 4960,	"(C_125=<tmp_6146>[274940]:bat[:oid],C1_139=<tmp_6570>[274940]:bat[:oid]) := algebra.crossproduct(X_123=<tmp_5730>[274940]:bat[:wkb],X_22=<tmp_531>[1]:bat[:wkb]);"	]
[ 22919,	"X_127=<tmp_6773>[274940]:bat[:wkb] := algebra.projection(C_125=<tmp_6146>[274940]:bat[:oid],X_123=<tmp_5730>[274940]:bat[:wkb]);"	]
[ 42215,	"X_128=<tmp_7177>[274940]:bat[:wkb] := algebra.projection(C1_139=<tmp_6570>[274940]:bat[:oid],X_22=<tmp_531>[1]:bat[:wkb]);"	]
[ 418113,	"C_380=<tmp_6231>[21319482]:bat[:oid] := algebra.subselect(X_372=<tmp_6653>[86147162]:bat[:bte],A4=1:bte,A4=1:bte,true:bit,false:bit,false:bit);"	]
[ 482949,	"C_381=<tmp_560>[27883725]:bat[:oid] := algebra.subselect(X_373=<tmp_6011>[86147162]:bat[:bte],A4=1:bte,A4=1:bte,true:bit,false:bit,false:bit);"	]
[ 506820,	"C_384=<tmp_13137>[26814793]:bat[:oid] := algebra.subselect(X_376=<tmp_13344>[86147162]:bat[:bte],A4=1:bte,A4=1:bte,true:bit,false:bit,false:bit);"	]
[ 511845,	"C_379=<tmp_7726>[30397393]:bat[:oid] := algebra.subselect(X_371=<tmp_10132>[86147162]:bat[:bte],A4=1:bte,A4=1:bte,true:bit,false:bit,false:bit);"	]
[ 551251,	"C_383=<tmp_4765>[33016524]:bat[:oid] := algebra.subselect(X_375=<tmp_10400>[86147162]:bat[:bte],A4=1:bte,A4=1:bte,true:bit,false:bit,false:bit);"	]
[ 549847,	"C_382=<tmp_1242>[31000087]:bat[:oid] := algebra.subselect(X_374=<tmp_1255>[86147162]:bat[:bte],A4=1:bte,A4=1:bte,true:bit,false:bit,false:bit);"	]
[ 656037,	"C_378=<tmp_4341>[30203211]:bat[:oid] := algebra.subselect(X_370=<tmp_7536>[86147162]:bat[:bte],A4=1:bte,A4=1:bte,true:bit,false:bit,false:bit);"	]
[ 257091,	"C_388=<tmp_6653>[11844933]:bat[:oid] := algebra.subselect(X_364=<tmp_4702>[86147162]:bat[:sht],C_380=<tmp_6231>[21319482]:bat[:oid],A5=1:sht,A5=1:sht,true:bit,false:bit,false:bit);"	]
[ 558326,	"res=<tmp_6570>[274940]:bat[:bit] := batgeom.IntersectsWKB(a=<tmp_6773>[274940]:bat[:wkb],b=<tmp_7177>[274940]:bat[:wkb],nil:wkb);"	]
[ 558500,	"function batgeom.Intersects(a:bat[:wkb],b:bat[:wkb]):bat[:bit];"	]
[ 558567,	"X_129=<tmp_6570>[274940]:bat[:bit] := batgeom.Intersects(X_127=<tmp_6773>[274940]:bat[:wkb],X_128=<tmp_7177>[274940]:bat[:wkb]);"	]
[ 2304,	"C_131=<tmp_7177>[5]:bat[:oid] := algebra.subselect(X_129=<tmp_6570>[274940]:bat[:bit],true:bit,true:bit,true:bit,true:bit,false:bit);"	]
[ 10,	"X_132=<tmp_6570>[5]:bat[:oid] := algebra.projection(C_131=<tmp_7177>[5]:bat[:oid],C_125=<tmp_6146>[274940]:bat[:oid]);"	]
[ 3,	"language.pass(C_125=<tmp_6146>[274940]:bat[:oid]);"	]
[ 13,	"X_133=<tmp_6146>[5]:bat[:wkb] := algebra.projection(X_132=<tmp_6570>[5]:bat[:oid],X_123=<tmp_5730>[274940]:bat[:wkb]);"	]
[ 2,	"language.pass(X_123=<tmp_5730>[274940]:bat[:wkb]);"	]
[ 14,	"X_145=<tmp_7177>[5]:bat[:oid] := bat.mirror(X_133=<tmp_6146>[5]:bat[:wkb]);"	]
[ 330016,	"C_389=<tmp_6011>[14619683]:bat[:oid] := algebra.subselect(X_365=<tmp_6435>[86147162]:bat[:sht],C_381=<tmp_560>[27883725]:bat[:oid],A5=1:sht,A5=1:sht,true:bit,false:bit,false:bit);"	]
[ 338659,	"C_392=<tmp_13344>[16386015]:bat[:oid] := algebra.subselect(X_368=<tmp_5165>[86147162]:bat[:sht],C_384=<tmp_13137>[26814793]:bat[:oid],A5=1:sht,A5=1:sht,true:bit,false:bit,false:bit);"	]
[ 159459,	"C_396=<tmp_6231>[2896745]:bat[:oid] := algebra.thetasubselect(X_356=<tmp_5104>[86147162]:bat[:sht],C_388=<tmp_6653>[11844933]:bat[:oid],A6=150:sht,\">\":str);"	]
[ 365709,	"C_387=<tmp_10132>[14952766]:bat[:oid] := algebra.subselect(X_363=<tmp_5310>[86147162]:bat[:sht],C_379=<tmp_7726>[30397393]:bat[:oid],A5=1:sht,A5=1:sht,true:bit,false:bit,false:bit);"	]
[ 255,	"X_322=<tmp_6653>[86147162]:bat[:int] := sql.bind(X_0=0:int,\"sys\":str,\"c_30fz1\":str,\"z\":str,0:int,0:int,8:int);"	]
[ 310,	"X_152=<tmp_21661>[516286]:bat[:str] := sql.bind(X_0=0:int,\"sys\":str,\"bgt_paal\":str,\"gml_id\":str,0:int);"	]
[ 66,	"X_156=<tmp_5104>[5]:bat[:str] := algebra.projectionpath(X_132=<tmp_6570>[5]:bat[:oid],X_119=<tmp_6352>[274940]:bat[:oid],C_104=<tmp_4462>[516286]:bat[:oid],X_152=<tmp_21661>[516286]:bat[:str]);"	]
[ 2,	"language.pass(X_132=<tmp_6570>[5]:bat[:oid]);"	]
[ 2,	"language.pass(C_104=<tmp_4462>[516286]:bat[:oid]);"	]
[ 2,	"language.pass(X_119=<tmp_6352>[274940]:bat[:oid]);"	]
[ 4,	"X_49=93916000:int := calc.int(1:int,X_48=939160:int,9:int,3:int);"	]
[ 29095,	"C_404=<tmp_6352>[65953]:bat[:oid] := algebra.subselect(X_348=<tmp_12721>[86147162]:bat[:int],C_396=<tmp_6231>[2896745]:bat[:oid],X_44=93816000:int,X_49=93916000:int,true:bit,true:bit,false:bit);"	]
[ 7707,	"C_412=<tmp_6231>[3497]:bat[:oid] := algebra.subselect(X_340=<tmp_5373>[86147162]:bat[:int],C_404=<tmp_6352>[65953]:bat[:oid],X_32=463891000:int,X_37=463991000:int,true:bit,true:bit,false:bit);"	]
[ 2153,	"X_420=<tmp_6352>[3497]:bat[:int] := algebra.projection(C_412=<tmp_6231>[3497]:bat[:oid],X_348=<tmp_12721>[86147162]:bat[:int]);"	]
[ 4,	"language.pass(X_348=<tmp_12721>[86147162]:bat[:int]);"	]
[ 31,	"X_428=<tmp_12721>[3497]:bat[:dbl] := batcalc.dbl(3:int,X_420=<tmp_6352>[3497]:bat[:int]);"	]
[ 727,	"X_460=<tmp_4462>[3497]:bat[:int] := algebra.projectionpath(C_412=<tmp_6231>[3497]:bat[:oid],C_260=<tmp_6434>[86147162]:bat[:oid],X_326=<tmp_3610>[86147162]:bat[:int]);"	]
[ 3,	"language.pass(C_260=<tmp_6434>[86147162]:bat[:oid]);"	]
[ 61,	"X_468=<tmp_6434>[3497]:bat[:dbl] := batcalc.dbl(3:int,X_460=<tmp_4462>[3497]:bat[:int]);"	]
[ 687,	"X_436=<tmp_3610>[3497]:bat[:int] := algebra.projection(C_412=<tmp_6231>[3497]:bat[:oid],X_340=<tmp_5373>[86147162]:bat[:int]);"	]
[ 3,	"language.pass(C_412=<tmp_6231>[3497]:bat[:oid]);"	]
[ 27,	"X_444=<tmp_6231>[3497]:bat[:dbl] := batcalc.dbl(3:int,X_436=<tmp_3610>[3497]:bat[:int]);"	]
[ 6774,	"(X_478=<tmp_6570>[3497]:bat[:oid],X_479=<tmp_4702>[3497]:bat[:oid]) := geom.DWithinsubjoin(X_22=<tmp_531>[1]:bat[:wkb],X_428=<tmp_12721>[3497]:bat[:dbl],X_444=<tmp_6231>[3497]:bat[:dbl],X_468=<tmp_6434>[3497]:bat[:dbl],A2=28992:int,A3=10:dbl,nil:BAT,nil:BAT,true:bit,nil:lng);"	]
[ 25,	"X_492=<tmp_6434>[3497]:bat[:int] := algebra.projection(X_479=<tmp_4702>[3497]:bat[:oid],X_420=<tmp_6352>[3497]:bat[:int]);"	]
[ 2,	"language.pass(X_420=<tmp_6352>[3497]:bat[:int]);"	]
[ 25,	"X_500=<tmp_6352>[3497]:bat[:dbl] := batcalc.dbl(3:int,X_492=<tmp_6434>[3497]:bat[:int]);"	]
[ 8,	"X_524=<tmp_6434>[3497]:bat[:int] := algebra.projection(X_479=<tmp_4702>[3497]:bat[:oid],X_460=<tmp_4462>[3497]:bat[:int]);"	]
[ 2,	"language.pass(X_460=<tmp_4462>[3497]:bat[:int]);"	]
[ 50,	"X_532=<tmp_4462>[3497]:bat[:dbl] := batcalc.dbl(3:int,X_524=<tmp_6434>[3497]:bat[:int]);"	]
[ 9,	"X_508=<tmp_6231>[3497]:bat[:int] := algebra.projection(X_479=<tmp_4702>[3497]:bat[:oid],X_436=<tmp_3610>[3497]:bat[:int]);"	]
[ 2,	"language.pass(X_479=<tmp_4702>[3497]:bat[:oid]);"	]
[ 23,	"X_516=<tmp_4702>[3497]:bat[:dbl] := batcalc.dbl(3:int,X_508=<tmp_6231>[3497]:bat[:int]);"	]
[ 7063,	"p=<tmp_6231>[3497]:bat[:wkb] := batgeom.MakePointXYZM(x=<tmp_6352>[3497]:bat[:dbl],y=<tmp_4702>[3497]:bat[:dbl],z=<tmp_4462>[3497]:bat[:dbl],nil:bat[:dbl],10:int);"	]
[ 7203,	"function batgeom.MakePoint(x:bat[:dbl],y:bat[:dbl],z:bat[:dbl]):bat[:wkb];"	]
[ 7249,	"X_540=<tmp_6231>[3497]:bat[:wkb] := batgeom.MakePoint(X_500=<tmp_6352>[3497]:bat[:dbl],X_516=<tmp_4702>[3497]:bat[:dbl],X_532=<tmp_4462>[3497]:bat[:dbl]);"	]
[ 426009,	"C_390=<tmp_1255>[16488944]:bat[:oid] := algebra.subselect(X_366=<tmp_5606>[86147162]:bat[:sht],C_382=<tmp_1242>[31000087]:bat[:oid],A5=1:sht,A5=1:sht,true:bit,false:bit,false:bit);"	]
[ 11942,	"X_548=<tmp_4462>[3497]:bat[:wkb] := batgeom.setSRID(X_540=<tmp_6231>[3497]:bat[:wkb],A1=28992:int);"	]
[ 465819,	"C_391=<tmp_10400>[17853600]:bat[:oid] := algebra.subselect(X_367=<tmp_7506>[86147162]:bat[:sht],C_383=<tmp_4765>[33016524]:bat[:oid],A5=1:sht,A5=1:sht,true:bit,false:bit,false:bit);"	]
[ 208852,	"C_397=<tmp_560>[3407615]:bat[:oid] := algebra.thetasubselect(X_357=<tmp_4243>[86147162]:bat[:sht],C_389=<tmp_6011>[14619683]:bat[:oid],A6=150:sht,\">\":str);"	]
[ 448778,	"C_386=<tmp_7536>[15796438]:bat[:oid] := algebra.subselect(X_362=<tmp_6667>[86147162]:bat[:sht],C_378=<tmp_4341>[30203211]:bat[:oid],A5=1:sht,A5=1:sht,true:bit,false:bit,false:bit);"	]
[ 148803,	"(X_558=<tmp_6231>[75]:bat[:oid],X_559=<tmp_4702>[75]:bat[:oid]) := geom.DWithinsubjoin(X_548=<tmp_4462>[3497]:bat[:wkb],X_133=<tmp_6146>[5]:bat[:wkb],A11=1:dbl,nil:BAT,nil:BAT,true:bit,nil:lng);"	]
[ 32,	"X_572=<tmp_4462>[75]:bat[:wkb] := algebra.projection(X_559=<tmp_4702>[75]:bat[:oid],X_133=<tmp_6146>[5]:bat[:wkb]);"	]
[ 8,	"X_580=<tmp_6352>[75]:bat[:int] := algebra.projection(X_558=<tmp_6231>[75]:bat[:oid],X_524=<tmp_6434>[3497]:bat[:int]);"	]
[ 2,	"language.pass(X_524=<tmp_6434>[3497]:bat[:int]);"	]
[ 2,	"language.pass(X_436=<tmp_3610>[3497]:bat[:int]);"	]
[ 1,	"language.pass(X_340=<tmp_5373>[86147162]:bat[:int]);"	]
[ 242773,	"C_400=<tmp_13137>[2751061]:bat[:oid] := algebra.thetasubselect(X_360=<tmp_3144>[86147162]:bat[:sht],C_392=<tmp_13344>[16386015]:bat[:oid],A6=150:sht,\">\":str);"	]
[ 60124,	"C_405=<tmp_6011>[72245]:bat[:oid] := algebra.subselect(X_349=<tmp_12277>[86147162]:bat[:int],C_397=<tmp_560>[3407615]:bat[:oid],X_44=93816000:int,X_49=93916000:int,true:bit,true:bit,false:bit);"	]
[ 224980,	"C_395=<tmp_7726>[3071808]:bat[:oid] := algebra.thetasubselect(X_355=<tmp_5525>[86147162]:bat[:sht],C_387=<tmp_10132>[14952766]:bat[:oid],A6=150:sht,\">\":str);"	]
[ 14327,	"C_413=<tmp_560>[0]:bat[:oid] := algebra.subselect(X_341=<tmp_5166>[86147162]:bat[:int],C_405=<tmp_6011>[72245]:bat[:oid],X_32=463891000:int,X_37=463991000:int,true:bit,true:bit,false:bit);"	]
[ 21,	"X_421=<tmp_6011>[0]:bat[:int] := algebra.projection(C_413=<tmp_560>[0]:bat[:oid],X_349=<tmp_12277>[86147162]:bat[:int]);"	]
[ 3,	"language.pass(X_349=<tmp_12277>[86147162]:bat[:int]);"	]
[ 8,	"X_429=<tmp_12277>[0]:bat[:dbl] := batcalc.dbl(3:int,X_421=<tmp_6011>[0]:bat[:int]);"	]
[ 128,	"X_461=<tmp_5373>[0]:bat[:int] := algebra.projectionpath(C_413=<tmp_560>[0]:bat[:oid],C_262=<tmp_2112>[86147162]:bat[:oid],X_328=<tmp_6012>[86147162]:bat[:int]);"	]
[ 132,	"X_437=<tmp_4243>[0]:bat[:int] := algebra.projection(C_413=<tmp_560>[0]:bat[:oid],X_341=<tmp_5166>[86147162]:bat[:int]);"	]
[ 3,	"language.pass(X_341=<tmp_5166>[86147162]:bat[:int]);"	]
[ 2,	"language.pass(C_262=<tmp_2112>[86147162]:bat[:oid]);"	]
[ 8,	"X_445=<tmp_5166>[0]:bat[:dbl] := batcalc.dbl(3:int,X_437=<tmp_4243>[0]:bat[:int]);"	]
[ 2,	"language.pass(C_413=<tmp_560>[0]:bat[:oid]);"	]
[ 790,	"X_469=<tmp_6435>[0]:bat[:dbl] := batcalc.dbl(3:int,X_461=<tmp_5373>[0]:bat[:int]);"	]
[ 16,	"(X_480=<tmp_1471>[0]:bat[:oid],X_481=<tmp_11450>[0]:bat[:oid]) := geom.DWithinsubjoin(X_22=<tmp_531>[1]:bat[:wkb],X_429=<tmp_12277>[0]:bat[:dbl],X_445=<tmp_5166>[0]:bat[:dbl],X_469=<tmp_6435>[0]:bat[:dbl],A2=28992:int,A3=10:dbl,nil:BAT,nil:BAT,true:bit,nil:lng);"	]
[ 7,	"X_493=<tmp_6435>[0]:bat[:int] := algebra.projection(X_481=<tmp_11450>[0]:bat[:oid],X_421=<tmp_6011>[0]:bat[:int]);"	]
[ 2,	"language.pass(X_421=<tmp_6011>[0]:bat[:int]);"	]
[ 63,	"X_525=<tmp_560>[0]:bat[:int] := algebra.projection(X_481=<tmp_11450>[0]:bat[:oid],X_461=<tmp_5373>[0]:bat[:int]);"	]
[ 6,	"X_501=<tmp_6011>[0]:bat[:dbl] := batcalc.dbl(3:int,X_493=<tmp_6435>[0]:bat[:int]);"	]
[ 2,	"language.pass(X_461=<tmp_5373>[0]:bat[:int]);"	]
[ 5,	"X_533=<tmp_6435>[0]:bat[:dbl] := batcalc.dbl(3:int,X_525=<tmp_560>[0]:bat[:int]);"	]
[ 6,	"X_509=<tmp_5373>[0]:bat[:int] := algebra.projection(X_481=<tmp_11450>[0]:bat[:oid],X_437=<tmp_4243>[0]:bat[:int]);"	]
[ 2,	"language.pass(X_481=<tmp_11450>[0]:bat[:oid]);"	]
[ 2,	"language.pass(X_437=<tmp_4243>[0]:bat[:int]);"	]
[ 23,	"X_517=<tmp_5166>[0]:bat[:dbl] := batcalc.dbl(3:int,X_509=<tmp_5373>[0]:bat[:int]);"	]
[ 10,	"p=<tmp_5373>[0]:bat[:wkb] := batgeom.MakePointXYZM(x=<tmp_6011>[0]:bat[:dbl],y=<tmp_5166>[0]:bat[:dbl],z=<tmp_6435>[0]:bat[:dbl],nil:bat[:dbl],10:int);"	]
[ 60,	"function batgeom.MakePoint(x:bat[:dbl],y:bat[:dbl],z:bat[:dbl]):bat[:wkb];"	]
[ 106,	"X_541=<tmp_5373>[0]:bat[:wkb] := batgeom.MakePoint(X_501=<tmp_6011>[0]:bat[:dbl],X_517=<tmp_5166>[0]:bat[:dbl],X_533=<tmp_6435>[0]:bat[:dbl]);"	]
[ 7,	"X_549=<tmp_6435>[0]:bat[:wkb] := batgeom.setSRID(X_541=<tmp_5373>[0]:bat[:wkb],A1=28992:int);"	]
[ 8,	"(X_560=<tmp_5373>[0]:bat[:oid],X_561=<tmp_5166>[0]:bat[:oid]) := geom.DWithinsubjoin(X_549=<tmp_6435>[0]:bat[:wkb],X_133=<tmp_6146>[5]:bat[:wkb],A11=1:dbl,nil:BAT,nil:BAT,true:bit,nil:lng);"	]
[ 7,	"X_573=<tmp_6435>[0]:bat[:wkb] := algebra.projection(X_561=<tmp_5166>[0]:bat[:oid],X_133=<tmp_6146>[5]:bat[:wkb]);"	]
[ 8,	"X_581=<tmp_4243>[0]:bat[:int] := algebra.projection(X_560=<tmp_5373>[0]:bat[:oid],X_525=<tmp_560>[0]:bat[:int]);"	]
[ 2,	"language.pass(X_525=<tmp_560>[0]:bat[:int]);"	]
[ 47527,	"C_408=<tmp_13344>[61933]:bat[:oid] := algebra.subselect(X_352=<tmp_1757>[86147162]:bat[:int],C_400=<tmp_13137>[2751061]:bat[:oid],X_44=93816000:int,X_49=93916000:int,true:bit,true:bit,false:bit);"	]
[ 26356,	"C_403=<tmp_10132>[26133]:bat[:oid] := algebra.subselect(X_347=<tmp_5607>[86147162]:bat[:int],C_395=<tmp_7726>[3071808]:bat[:oid],X_44=93816000:int,X_49=93916000:int,true:bit,true:bit,false:bit);"	]
[ 2217,	"C_411=<tmp_7726>[0]:bat[:oid] := algebra.subselect(X_339=<tmp_445>[86147162]:bat[:int],C_403=<tmp_10132>[26133]:bat[:oid],X_32=463891000:int,X_37=463991000:int,true:bit,true:bit,false:bit);"	]
[ 23,	"X_435=<tmp_6011>[0]:bat[:int] := algebra.projection(C_411=<tmp_7726>[0]:bat[:oid],X_339=<tmp_445>[86147162]:bat[:int]);"	]
[ 83,	"X_419=<tmp_10132>[0]:bat[:int] := algebra.projection(C_411=<tmp_7726>[0]:bat[:oid],X_347=<tmp_5607>[86147162]:bat[:int]);"	]
[ 158,	"X_459=<tmp_560>[0]:bat[:int] := algebra.projectionpath(C_411=<tmp_7726>[0]:bat[:oid],C_258=<tmp_4546>[86147162]:bat[:oid],X_324=<tmp_7261>[86147162]:bat[:int]);"	]
[ 2,	"language.pass(X_339=<tmp_445>[86147162]:bat[:int]);"	]
[ 3,	"language.pass(X_347=<tmp_5607>[86147162]:bat[:int]);"	]
[ 10,	"X_443=<tmp_445>[0]:bat[:dbl] := batcalc.dbl(3:int,X_435=<tmp_6011>[0]:bat[:int]);"	]
[ 8,	"X_427=<tmp_5607>[0]:bat[:dbl] := batcalc.dbl(3:int,X_419=<tmp_10132>[0]:bat[:int]);"	]
[ 3,	"language.pass(C_411=<tmp_7726>[0]:bat[:oid]);"	]
[ 2,	"language.pass(C_258=<tmp_4546>[86147162]:bat[:oid]);"	]
[ 77,	"X_467=<tmp_12277>[0]:bat[:dbl] := batcalc.dbl(3:int,X_459=<tmp_560>[0]:bat[:int]);"	]
[ 14,	"(X_476=<tmp_1471>[0]:bat[:oid],X_477=<tmp_2433>[0]:bat[:oid]) := geom.DWithinsubjoin(X_22=<tmp_531>[1]:bat[:wkb],X_427=<tmp_5607>[0]:bat[:dbl],X_443=<tmp_445>[0]:bat[:dbl],X_467=<tmp_12277>[0]:bat[:dbl],A2=28992:int,A3=10:dbl,nil:BAT,nil:BAT,true:bit,nil:lng);"	]
[ 6,	"X_491=<tmp_12277>[0]:bat[:int] := algebra.projection(X_477=<tmp_2433>[0]:bat[:oid],X_419=<tmp_10132>[0]:bat[:int]);"	]
[ 2,	"language.pass(X_419=<tmp_10132>[0]:bat[:int]);"	]
[ 16,	"X_507=<tmp_4546>[0]:bat[:int] := algebra.projection(X_477=<tmp_2433>[0]:bat[:oid],X_435=<tmp_6011>[0]:bat[:int]);"	]
[ 51,	"X_523=<tmp_7726>[0]:bat[:int] := algebra.projection(X_477=<tmp_2433>[0]:bat[:oid],X_459=<tmp_560>[0]:bat[:int]);"	]
[ 6,	"X_499=<tmp_10132>[0]:bat[:dbl] := batcalc.dbl(3:int,X_491=<tmp_12277>[0]:bat[:int]);"	]
[ 2,	"language.pass(X_435=<tmp_6011>[0]:bat[:int]);"	]
[ 2,	"language.pass(X_477=<tmp_2433>[0]:bat[:oid]);"	]
[ 5,	"X_531=<tmp_12277>[0]:bat[:dbl] := batcalc.dbl(3:int,X_523=<tmp_7726>[0]:bat[:int]);"	]
[ 2,	"language.pass(X_459=<tmp_560>[0]:bat[:int]);"	]
[ 7,	"X_515=<tmp_2433>[0]:bat[:dbl] := batcalc.dbl(3:int,X_507=<tmp_4546>[0]:bat[:int]);"	]
[ 10,	"p=<tmp_4546>[0]:bat[:wkb] := batgeom.MakePointXYZM(x=<tmp_10132>[0]:bat[:dbl],y=<tmp_2433>[0]:bat[:dbl],z=<tmp_12277>[0]:bat[:dbl],nil:bat[:dbl],10:int);"	]
[ 71,	"function batgeom.MakePoint(x:bat[:dbl],y:bat[:dbl],z:bat[:dbl]):bat[:wkb];"	]
[ 110,	"X_539=<tmp_4546>[0]:bat[:wkb] := batgeom.MakePoint(X_499=<tmp_10132>[0]:bat[:dbl],X_515=<tmp_2433>[0]:bat[:dbl],X_531=<tmp_12277>[0]:bat[:dbl]);"	]
[ 8,	"X_547=<tmp_12277>[0]:bat[:wkb] := batgeom.setSRID(X_539=<tmp_4546>[0]:bat[:wkb],A1=28992:int);"	]
[ 8,	"(X_556=<tmp_4546>[0]:bat[:oid],X_557=<tmp_2433>[0]:bat[:oid]) := geom.DWithinsubjoin(X_547=<tmp_12277>[0]:bat[:wkb],X_133=<tmp_6146>[5]:bat[:wkb],A11=1:dbl,nil:BAT,nil:BAT,true:bit,nil:lng);"	]
[ 7,	"X_571=<tmp_12277>[0]:bat[:wkb] := algebra.projection(X_557=<tmp_2433>[0]:bat[:oid],X_133=<tmp_6146>[5]:bat[:wkb]);"	]
[ 19,	"X_579=<tmp_445>[0]:bat[:int] := algebra.projection(X_556=<tmp_4546>[0]:bat[:oid],X_523=<tmp_7726>[0]:bat[:int]);"	]
[ 2,	"language.pass(X_523=<tmp_7726>[0]:bat[:int]);"	]
[ 14594,	"C_416=<tmp_13137>[0]:bat[:oid] := algebra.subselect(X_344=<tmp_3052>[86147162]:bat[:int],C_408=<tmp_13344>[61933]:bat[:oid],X_32=463891000:int,X_37=463991000:int,true:bit,true:bit,false:bit);"	]
[ 59,	"X_424=<tmp_13344>[0]:bat[:int] := algebra.projection(C_416=<tmp_13137>[0]:bat[:oid],X_352=<tmp_1757>[86147162]:bat[:int]);"	]
[ 75,	"X_440=<tmp_560>[0]:bat[:int] := algebra.projection(C_416=<tmp_13137>[0]:bat[:oid],X_344=<tmp_3052>[86147162]:bat[:int]);"	]
[ 3,	"language.pass(X_352=<tmp_1757>[86147162]:bat[:int]);"	]
[ 113,	"X_464=<tmp_10132>[0]:bat[:int] := algebra.projectionpath(C_416=<tmp_13137>[0]:bat[:oid],C_268=<tmp_3505>[86147162]:bat[:oid],X_334=<tmp_1716>[86147162]:bat[:int]);"	]
[ 7,	"language.pass(X_344=<tmp_3052>[86147162]:bat[:int]);"	]
[ 18,	"X_432=<tmp_7726>[0]:bat[:dbl] := batcalc.dbl(3:int,X_424=<tmp_13344>[0]:bat[:int]);"	]
[ 10,	"X_448=<tmp_1757>[0]:bat[:dbl] := batcalc.dbl(3:int,X_440=<tmp_560>[0]:bat[:int]);"	]
[ 3,	"language.pass(C_416=<tmp_13137>[0]:bat[:oid]);"	]
[ 4,	"language.pass(C_268=<tmp_3505>[86147162]:bat[:oid]);"	]
[ 76,	"X_472=<tmp_4546>[0]:bat[:dbl] := batcalc.dbl(3:int,X_464=<tmp_10132>[0]:bat[:int]);"	]
[ 13,	"(X_486=<tmp_5607>[0]:bat[:oid],X_487=<tmp_1471>[0]:bat[:oid]) := geom.DWithinsubjoin(X_22=<tmp_531>[1]:bat[:wkb],X_432=<tmp_7726>[0]:bat[:dbl],X_448=<tmp_1757>[0]:bat[:dbl],X_472=<tmp_4546>[0]:bat[:dbl],A2=28992:int,A3=10:dbl,nil:BAT,nil:BAT,true:bit,nil:lng);"	]
[ 8,	"X_496=<tmp_4546>[0]:bat[:int] := algebra.projection(X_487=<tmp_1471>[0]:bat[:oid],X_424=<tmp_13344>[0]:bat[:int]);"	]
[ 9,	"X_512=<tmp_13137>[0]:bat[:int] := algebra.projection(X_487=<tmp_1471>[0]:bat[:oid],X_440=<tmp_560>[0]:bat[:int]);"	]
[ 2,	"language.pass(X_440=<tmp_560>[0]:bat[:int]);"	]
[ 609,	"X_528=<tmp_3144>[0]:bat[:int] := algebra.projection(X_487=<tmp_1471>[0]:bat[:oid],X_464=<tmp_10132>[0]:bat[:int]);"	]
[ 7,	"X_520=<tmp_560>[0]:bat[:dbl] := batcalc.dbl(3:int,X_512=<tmp_13137>[0]:bat[:int]);"	]
[ 2,	"language.pass(X_487=<tmp_1471>[0]:bat[:oid]);"	]
[ 6,	"X_536=<tmp_13137>[0]:bat[:dbl] := batcalc.dbl(3:int,X_528=<tmp_3144>[0]:bat[:int]);"	]
[ 2,	"language.pass(X_464=<tmp_10132>[0]:bat[:int]);"	]
[ 2,	"language.pass(X_424=<tmp_13344>[0]:bat[:int]);"	]
[ 14,	"X_504=<tmp_3505>[0]:bat[:dbl] := batcalc.dbl(3:int,X_496=<tmp_4546>[0]:bat[:int]);"	]
[ 11,	"p=<tmp_4546>[0]:bat[:wkb] := batgeom.MakePointXYZM(x=<tmp_3505>[0]:bat[:dbl],y=<tmp_560>[0]:bat[:dbl],z=<tmp_13137>[0]:bat[:dbl],nil:bat[:dbl],10:int);"	]
[ 91,	"function batgeom.MakePoint(x:bat[:dbl],y:bat[:dbl],z:bat[:dbl]):bat[:wkb];"	]
[ 143,	"X_544=<tmp_4546>[0]:bat[:wkb] := batgeom.MakePoint(X_504=<tmp_3505>[0]:bat[:dbl],X_520=<tmp_560>[0]:bat[:dbl],X_536=<tmp_13137>[0]:bat[:dbl]);"	]
[ 9,	"X_552=<tmp_13137>[0]:bat[:wkb] := batgeom.setSRID(X_544=<tmp_4546>[0]:bat[:wkb],A1=28992:int);"	]
[ 9,	"(X_566=<tmp_4546>[0]:bat[:oid],X_567=<tmp_560>[0]:bat[:oid]) := geom.DWithinsubjoin(X_552=<tmp_13137>[0]:bat[:wkb],X_133=<tmp_6146>[5]:bat[:wkb],A11=1:dbl,nil:BAT,nil:BAT,true:bit,nil:lng);"	]
[ 7,	"X_576=<tmp_13137>[0]:bat[:wkb] := algebra.projection(X_567=<tmp_560>[0]:bat[:oid],X_133=<tmp_6146>[5]:bat[:wkb]);"	]
[ 10,	"X_584=<tmp_1716>[0]:bat[:int] := algebra.projection(X_566=<tmp_4546>[0]:bat[:oid],X_528=<tmp_3144>[0]:bat[:int]);"	]
[ 2,	"language.pass(X_528=<tmp_3144>[0]:bat[:int]);"	]
[ 219424,	"C_398=<tmp_1242>[3856162]:bat[:oid] := algebra.thetasubselect(X_358=<tmp_4034>[86147162]:bat[:sht],C_390=<tmp_1255>[16488944]:bat[:oid],A6=150:sht,\">\":str);"	]
[ 545081,	"C_385=<tmp_5730>[23087350]:bat[:oid] := algebra.subselect(X_377=<tmp_7055>[86147165]:bat[:bte],A4=1:bte,A4=1:bte,true:bit,false:bit,false:bit);"	]
[ 222193,	"C_399=<tmp_4765>[2636242]:bat[:oid] := algebra.thetasubselect(X_359=<tmp_3363>[86147162]:bat[:sht],C_391=<tmp_10400>[17853600]:bat[:oid],A6=150:sht,\">\":str);"	]
[ 44637,	"C_406=<tmp_1255>[159857]:bat[:oid] := algebra.subselect(X_350=<tmp_6040>[86147162]:bat[:int],C_398=<tmp_1242>[3856162]:bat[:oid],X_44=93816000:int,X_49=93916000:int,true:bit,true:bit,false:bit);"	]
[ 9556,	"C_414=<tmp_1242>[0]:bat[:oid] := algebra.subselect(X_342=<tmp_4764>[86147162]:bat[:int],C_406=<tmp_1255>[159857]:bat[:oid],X_32=463891000:int,X_37=463991000:int,true:bit,true:bit,false:bit);"	]
[ 18,	"X_422=<tmp_1255>[0]:bat[:int] := algebra.projection(C_414=<tmp_1242>[0]:bat[:oid],X_350=<tmp_6040>[86147162]:bat[:int]);"	]
[ 19,	"X_430=<tmp_3505>[0]:bat[:dbl] := batcalc.dbl(3:int,X_422=<tmp_1255>[0]:bat[:int]);"	]
[ 3,	"language.pass(X_350=<tmp_6040>[86147162]:bat[:int]);"	]
[ 826,	"X_438=<tmp_10132>[0]:bat[:int] := algebra.projection(C_414=<tmp_1242>[0]:bat[:oid],X_342=<tmp_4764>[86147162]:bat[:int]);"	]
[ 967,	"X_462=<tmp_13344>[0]:bat[:int] := algebra.projectionpath(C_414=<tmp_1242>[0]:bat[:oid],C_264=<tmp_1675>[86147162]:bat[:oid],X_330=<tmp_645>[86147162]:bat[:int]);"	]
[ 4,	"language.pass(X_342=<tmp_4764>[86147162]:bat[:int]);"	]
[ 7,	"language.pass(C_414=<tmp_1242>[0]:bat[:oid]);"	]
[ 15,	"X_446=<tmp_3144>[0]:bat[:dbl] := batcalc.dbl(3:int,X_438=<tmp_10132>[0]:bat[:int]);"	]
[ 4,	"language.pass(C_264=<tmp_1675>[86147162]:bat[:oid]);"	]
[ 229,	"X_470=<tmp_3052>[0]:bat[:dbl] := batcalc.dbl(3:int,X_462=<tmp_13344>[0]:bat[:int]);"	]
[ 16,	"(X_482=<tmp_6011>[0]:bat[:oid],X_483=<tmp_5525>[0]:bat[:oid]) := geom.DWithinsubjoin(X_22=<tmp_531>[1]:bat[:wkb],X_430=<tmp_3505>[0]:bat[:dbl],X_446=<tmp_3144>[0]:bat[:dbl],X_470=<tmp_3052>[0]:bat[:dbl],A2=28992:int,A3=10:dbl,nil:BAT,nil:BAT,true:bit,nil:lng);"	]
[ 7,	"X_494=<tmp_3052>[0]:bat[:int] := algebra.projection(X_483=<tmp_5525>[0]:bat[:oid],X_422=<tmp_1255>[0]:bat[:int]);"	]
[ 2,	"language.pass(X_422=<tmp_1255>[0]:bat[:int]);"	]
[ 12,	"X_510=<tmp_4764>[0]:bat[:int] := algebra.projection(X_483=<tmp_5525>[0]:bat[:oid],X_438=<tmp_10132>[0]:bat[:int]);"	]
[ 14,	"X_502=<tmp_4546>[0]:bat[:dbl] := batcalc.dbl(3:int,X_494=<tmp_3052>[0]:bat[:int]);"	]
[ 80,	"X_526=<tmp_1242>[0]:bat[:int] := algebra.projection(X_483=<tmp_5525>[0]:bat[:oid],X_462=<tmp_13344>[0]:bat[:int]);"	]
[ 2,	"language.pass(X_438=<tmp_10132>[0]:bat[:int]);"	]
[ 19,	"X_518=<tmp_1255>[0]:bat[:dbl] := batcalc.dbl(3:int,X_510=<tmp_4764>[0]:bat[:int]);"	]
[ 3,	"language.pass(X_483=<tmp_5525>[0]:bat[:oid]);"	]
[ 2,	"language.pass(X_462=<tmp_13344>[0]:bat[:int]);"	]
[ 18,	"X_534=<tmp_1675>[0]:bat[:dbl] := batcalc.dbl(3:int,X_526=<tmp_1242>[0]:bat[:int]);"	]
[ 24,	"p=<tmp_6040>[0]:bat[:wkb] := batgeom.MakePointXYZM(x=<tmp_4546>[0]:bat[:dbl],y=<tmp_1255>[0]:bat[:dbl],z=<tmp_1675>[0]:bat[:dbl],nil:bat[:dbl],10:int);"	]
[ 90,	"function batgeom.MakePoint(x:bat[:dbl],y:bat[:dbl],z:bat[:dbl]):bat[:wkb];"	]
[ 145,	"X_542=<tmp_6040>[0]:bat[:wkb] := batgeom.MakePoint(X_502=<tmp_4546>[0]:bat[:dbl],X_518=<tmp_1255>[0]:bat[:dbl],X_534=<tmp_1675>[0]:bat[:dbl]);"	]
[ 7,	"X_550=<tmp_1675>[0]:bat[:wkb] := batgeom.setSRID(X_542=<tmp_6040>[0]:bat[:wkb],A1=28992:int);"	]
[ 8,	"(X_562=<tmp_6040>[0]:bat[:oid],X_563=<tmp_1255>[0]:bat[:oid]) := geom.DWithinsubjoin(X_550=<tmp_1675>[0]:bat[:wkb],X_133=<tmp_6146>[5]:bat[:wkb],A11=1:dbl,nil:BAT,nil:BAT,true:bit,nil:lng);"	]
[ 6,	"X_574=<tmp_1675>[0]:bat[:wkb] := algebra.projection(X_563=<tmp_1255>[0]:bat[:oid],X_133=<tmp_6146>[5]:bat[:wkb]);"	]
[ 13,	"X_582=<tmp_10132>[0]:bat[:int] := algebra.projection(X_562=<tmp_6040>[0]:bat[:oid],X_526=<tmp_1242>[0]:bat[:int]);"	]
[ 2,	"language.pass(X_526=<tmp_1242>[0]:bat[:int]);"	]
[ 216721,	"C_394=<tmp_4341>[4071893]:bat[:oid] := algebra.thetasubselect(X_354=<tmp_1275>[86147162]:bat[:sht],C_386=<tmp_7536>[15796438]:bat[:oid],A6=150:sht,\">\":str);"	]
[ 70509,	"C_407=<tmp_10400>[35920]:bat[:oid] := algebra.subselect(X_351=<tmp_3226>[86147162]:bat[:int],C_399=<tmp_4765>[2636242]:bat[:oid],X_44=93816000:int,X_49=93916000:int,true:bit,true:bit,false:bit);"	]
[ 12141,	"C_415=<tmp_4765>[0]:bat[:oid] := algebra.subselect(X_343=<tmp_4342>[86147162]:bat[:int],C_407=<tmp_10400>[35920]:bat[:oid],X_32=463891000:int,X_37=463991000:int,true:bit,true:bit,false:bit);"	]
[ 35,	"X_423=<tmp_10400>[0]:bat[:int] := algebra.projection(C_415=<tmp_4765>[0]:bat[:oid],X_351=<tmp_3226>[86147162]:bat[:int]);"	]
[ 3,	"language.pass(X_351=<tmp_3226>[86147162]:bat[:int]);"	]
[ 9,	"X_431=<tmp_3226>[0]:bat[:dbl] := batcalc.dbl(3:int,X_423=<tmp_10400>[0]:bat[:int]);"	]
[ 68,	"X_439=<tmp_13344>[0]:bat[:int] := algebra.projection(C_415=<tmp_4765>[0]:bat[:oid],X_343=<tmp_4342>[86147162]:bat[:int]);"	]
[ 126,	"X_463=<tmp_4764>[0]:bat[:int] := algebra.projectionpath(C_415=<tmp_4765>[0]:bat[:oid],C_266=<tmp_11246>[86147162]:bat[:oid],X_332=<tmp_12515>[86147162]:bat[:int]);"	]
[ 2,	"language.pass(X_343=<tmp_4342>[86147162]:bat[:int]);"	]
[ 6,	"X_447=<tmp_4342>[0]:bat[:dbl] := batcalc.dbl(3:int,X_439=<tmp_13344>[0]:bat[:int]);"	]
[ 3,	"language.pass(C_415=<tmp_4765>[0]:bat[:oid]);"	]
[ 5,	"language.pass(C_266=<tmp_11246>[86147162]:bat[:oid]);"	]
[ 70,	"X_471=<tmp_4765>[0]:bat[:dbl] := batcalc.dbl(3:int,X_463=<tmp_4764>[0]:bat[:int]);"	]
[ 20,	"(X_484=<tmp_12515>[0]:bat[:oid],X_485=<tmp_3144>[0]:bat[:oid]) := geom.DWithinsubjoin(X_22=<tmp_531>[1]:bat[:wkb],X_431=<tmp_3226>[0]:bat[:dbl],X_447=<tmp_4342>[0]:bat[:dbl],X_471=<tmp_4765>[0]:bat[:dbl],A2=28992:int,A3=10:dbl,nil:BAT,nil:BAT,true:bit,nil:lng);"	]
[ 10,	"X_495=<tmp_4765>[0]:bat[:int] := algebra.projection(X_485=<tmp_3144>[0]:bat[:oid],X_423=<tmp_10400>[0]:bat[:int]);"	]
[ 15,	"X_503=<tmp_3052>[0]:bat[:dbl] := batcalc.dbl(3:int,X_495=<tmp_4765>[0]:bat[:int]);"	]
[ 3,	"language.pass(X_423=<tmp_10400>[0]:bat[:int]);"	]
[ 35,	"X_511=<tmp_4546>[0]:bat[:int] := algebra.projection(X_485=<tmp_3144>[0]:bat[:oid],X_439=<tmp_13344>[0]:bat[:int]);"	]
[ 735,	"X_527=<tmp_3363>[0]:bat[:int] := algebra.projection(X_485=<tmp_3144>[0]:bat[:oid],X_463=<tmp_4764>[0]:bat[:int]);"	]
[ 4,	"language.pass(X_439=<tmp_13344>[0]:bat[:int]);"	]
[ 15,	"language.pass(X_485=<tmp_3144>[0]:bat[:oid]);"	]
[ 37,	"X_519=<tmp_5525>[0]:bat[:dbl] := batcalc.dbl(3:int,X_511=<tmp_4546>[0]:bat[:int]);"	]
[ 4,	"language.pass(X_463=<tmp_4764>[0]:bat[:int]);"	]
[ 14,	"X_535=<tmp_10400>[0]:bat[:dbl] := batcalc.dbl(3:int,X_527=<tmp_3363>[0]:bat[:int]);"	]
[ 27,	"p=<tmp_4342>[0]:bat[:wkb] := batgeom.MakePointXYZM(x=<tmp_3052>[0]:bat[:dbl],y=<tmp_5525>[0]:bat[:dbl],z=<tmp_10400>[0]:bat[:dbl],nil:bat[:dbl],10:int);"	]
[ 131,	"function batgeom.MakePoint(x:bat[:dbl],y:bat[:dbl],z:bat[:dbl]):bat[:wkb];"	]
[ 259,	"X_543=<tmp_4342>[0]:bat[:wkb] := batgeom.MakePoint(X_503=<tmp_3052>[0]:bat[:dbl],X_519=<tmp_5525>[0]:bat[:dbl],X_535=<tmp_10400>[0]:bat[:dbl]);"	]
[ 13,	"X_551=<tmp_10400>[0]:bat[:wkb] := batgeom.setSRID(X_543=<tmp_4342>[0]:bat[:wkb],A1=28992:int);"	]
[ 18,	"(X_564=<tmp_4342>[0]:bat[:oid],X_565=<tmp_5525>[0]:bat[:oid]) := geom.DWithinsubjoin(X_551=<tmp_10400>[0]:bat[:wkb],X_133=<tmp_6146>[5]:bat[:wkb],A11=1:dbl,nil:BAT,nil:BAT,true:bit,nil:lng);"	]
[ 12,	"X_575=<tmp_10400>[0]:bat[:wkb] := algebra.projection(X_565=<tmp_5525>[0]:bat[:oid],X_133=<tmp_6146>[5]:bat[:wkb]);"	]
[ 16,	"X_583=<tmp_13344>[0]:bat[:int] := algebra.projection(X_564=<tmp_4342>[0]:bat[:oid],X_527=<tmp_3363>[0]:bat[:int]);"	]
[ 2,	"language.pass(X_527=<tmp_3363>[0]:bat[:int]);"	]
[ 24334,	"C_402=<tmp_7536>[35526]:bat[:oid] := algebra.subselect(X_346=<tmp_6636>[86147162]:bat[:int],C_394=<tmp_4341>[4071893]:bat[:oid],X_44=93816000:int,X_49=93916000:int,true:bit,true:bit,false:bit);"	]
[ 2192,	"C_410=<tmp_4341>[0]:bat[:oid] := algebra.subselect(X_338=<tmp_76>[86147162]:bat[:int],C_402=<tmp_7536>[35526]:bat[:oid],X_32=463891000:int,X_37=463991000:int,true:bit,true:bit,false:bit);"	]
[ 40,	"X_418=<tmp_7536>[0]:bat[:int] := algebra.projection(C_410=<tmp_4341>[0]:bat[:oid],X_346=<tmp_6636>[86147162]:bat[:int]);"	]
[ 3,	"language.pass(X_346=<tmp_6636>[86147162]:bat[:int]);"	]
[ 10,	"X_426=<tmp_6636>[0]:bat[:dbl] := batcalc.dbl(3:int,X_418=<tmp_7536>[0]:bat[:int]);"	]
[ 253,	"X_434=<tmp_4764>[0]:bat[:int] := algebra.projection(C_410=<tmp_4341>[0]:bat[:oid],X_338=<tmp_76>[86147162]:bat[:int]);"	]
[ 337,	"X_458=<tmp_3144>[0]:bat[:int] := algebra.projectionpath(C_410=<tmp_4341>[0]:bat[:oid],C_256=<tmp_2315>[86147162]:bat[:oid],X_322=<tmp_6653>[86147162]:bat[:int]);"	]
[ 3,	"language.pass(X_338=<tmp_76>[86147162]:bat[:int]);"	]
[ 10,	"X_442=<tmp_76>[0]:bat[:dbl] := batcalc.dbl(3:int,X_434=<tmp_4764>[0]:bat[:int]);"	]
[ 4,	"language.pass(C_410=<tmp_4341>[0]:bat[:oid]);"	]
[ 4,	"language.pass(C_256=<tmp_2315>[86147162]:bat[:oid]);"	]
[ 87,	"X_466=<tmp_3052>[0]:bat[:dbl] := batcalc.dbl(3:int,X_458=<tmp_3144>[0]:bat[:int]);"	]
[ 18,	"(X_474=<tmp_3226>[0]:bat[:oid],X_475=<tmp_12515>[0]:bat[:oid]) := geom.DWithinsubjoin(X_22=<tmp_531>[1]:bat[:wkb],X_426=<tmp_6636>[0]:bat[:dbl],X_442=<tmp_76>[0]:bat[:dbl],X_466=<tmp_3052>[0]:bat[:dbl],A2=28992:int,A3=10:dbl,nil:BAT,nil:BAT,true:bit,nil:lng);"	]
[ 9,	"X_490=<tmp_3052>[0]:bat[:int] := algebra.projection(X_475=<tmp_12515>[0]:bat[:oid],X_418=<tmp_7536>[0]:bat[:int]);"	]
[ 3,	"language.pass(X_418=<tmp_7536>[0]:bat[:int]);"	]
[ 38,	"X_506=<tmp_1275>[0]:bat[:int] := algebra.projection(X_475=<tmp_12515>[0]:bat[:oid],X_434=<tmp_4764>[0]:bat[:int]);"	]
[ 98,	"X_522=<tmp_4546>[0]:bat[:int] := algebra.projection(X_475=<tmp_12515>[0]:bat[:oid],X_458=<tmp_3144>[0]:bat[:int]);"	]
[ 15,	"X_498=<tmp_3363>[0]:bat[:dbl] := batcalc.dbl(3:int,X_490=<tmp_3052>[0]:bat[:int]);"	]
[ 2,	"language.pass(X_434=<tmp_4764>[0]:bat[:int]);"	]
[ 2,	"language.pass(X_475=<tmp_12515>[0]:bat[:oid]);"	]
[ 4,	"language.pass(X_458=<tmp_3144>[0]:bat[:int]);"	]
[ 15,	"X_530=<tmp_4765>[0]:bat[:dbl] := batcalc.dbl(3:int,X_522=<tmp_4546>[0]:bat[:int]);"	]
[ 14,	"X_514=<tmp_2315>[0]:bat[:dbl] := batcalc.dbl(3:int,X_506=<tmp_1275>[0]:bat[:int]);"	]
[ 12,	"p=<tmp_1275>[0]:bat[:wkb] := batgeom.MakePointXYZM(x=<tmp_3363>[0]:bat[:dbl],y=<tmp_2315>[0]:bat[:dbl],z=<tmp_4765>[0]:bat[:dbl],nil:bat[:dbl],10:int);"	]
[ 80,	"function batgeom.MakePoint(x:bat[:dbl],y:bat[:dbl],z:bat[:dbl]):bat[:wkb];"	]
[ 133,	"X_538=<tmp_1275>[0]:bat[:wkb] := batgeom.MakePoint(X_498=<tmp_3363>[0]:bat[:dbl],X_514=<tmp_2315>[0]:bat[:dbl],X_530=<tmp_4765>[0]:bat[:dbl]);"	]
[ 8,	"X_546=<tmp_4765>[0]:bat[:wkb] := batgeom.setSRID(X_538=<tmp_1275>[0]:bat[:wkb],A1=28992:int);"	]
[ 9,	"(X_554=<tmp_1275>[0]:bat[:oid],X_555=<tmp_2315>[0]:bat[:oid]) := geom.DWithinsubjoin(X_546=<tmp_4765>[0]:bat[:wkb],X_133=<tmp_6146>[5]:bat[:wkb],A11=1:dbl,nil:BAT,nil:BAT,true:bit,nil:lng);"	]
[ 11,	"X_570=<tmp_4765>[0]:bat[:wkb] := algebra.projection(X_555=<tmp_2315>[0]:bat[:oid],X_133=<tmp_6146>[5]:bat[:wkb]);"	]
[ 13,	"X_578=<tmp_7536>[0]:bat[:int] := algebra.projection(X_554=<tmp_1275>[0]:bat[:oid],X_522=<tmp_4546>[0]:bat[:int]);"	]
[ 10,	"X_595=<tmp_3363>[0]:bat[:wkb] := mat.packIncrement(X_570=<tmp_4765>[0]:bat[:wkb],8:int);"	]
[ 14,	"X_604=<tmp_3052>[0]:bat[:oid] := mat.packIncrement(X_555=<tmp_2315>[0]:bat[:oid],8:int);"	]
[ 3,	"language.pass(X_522=<tmp_4546>[0]:bat[:int]);"	]
[ 4,	"X_597=<tmp_3363>[0]:bat[:wkb] := mat.packIncrement(X_595=<tmp_3363>[0]:bat[:wkb],X_571=<tmp_12277>[0]:bat[:wkb]);"	]
[ 2,	"language.pass(X_555=<tmp_2315>[0]:bat[:oid]);"	]
[ 9,	"X_605=<tmp_3052>[0]:bat[:oid] := mat.packIncrement(X_604=<tmp_3052>[0]:bat[:oid],X_557=<tmp_2433>[0]:bat[:oid]);"	]
[ 30,	"X_612=<tmp_4764>[0]:bat[:int] := mat.packIncrement(X_578=<tmp_7536>[0]:bat[:int],8:int);"	]
[ 9,	"X_598=<tmp_3363>[75]:bat[:wkb] := mat.packIncrement(X_597=<tmp_3363>[75]:bat[:wkb],X_572=<tmp_4462>[75]:bat[:wkb]);"	]
[ 2,	"language.pass(X_557=<tmp_2433>[0]:bat[:oid]);"	]
[ 4,	"X_613=<tmp_4764>[0]:bat[:int] := mat.packIncrement(X_612=<tmp_4764>[0]:bat[:int],X_579=<tmp_445>[0]:bat[:int]);"	]
[ 3,	"X_599=<tmp_3363>[75]:bat[:wkb] := mat.packIncrement(X_598=<tmp_3363>[75]:bat[:wkb],X_573=<tmp_6435>[0]:bat[:wkb]);"	]
[ 9,	"X_606=<tmp_3052>[75]:bat[:oid] := mat.packIncrement(X_605=<tmp_3052>[75]:bat[:oid],X_559=<tmp_4702>[75]:bat[:oid]);"	]
[ 7,	"X_614=<tmp_4764>[75]:bat[:int] := mat.packIncrement(X_613=<tmp_4764>[75]:bat[:int],X_580=<tmp_6352>[75]:bat[:int]);"	]
[ 2,	"language.pass(X_559=<tmp_4702>[75]:bat[:oid]);"	]
[ 3,	"X_600=<tmp_3363>[75]:bat[:wkb] := mat.packIncrement(X_599=<tmp_3363>[75]:bat[:wkb],X_574=<tmp_1675>[0]:bat[:wkb]);"	]
[ 3,	"X_615=<tmp_4764>[75]:bat[:int] := mat.packIncrement(X_614=<tmp_4764>[75]:bat[:int],X_581=<tmp_4243>[0]:bat[:int]);"	]
[ 7,	"X_607=<tmp_3052>[75]:bat[:oid] := mat.packIncrement(X_606=<tmp_3052>[75]:bat[:oid],X_561=<tmp_5166>[0]:bat[:oid]);"	]
[ 4,	"X_601=<tmp_3363>[75]:bat[:wkb] := mat.packIncrement(X_600=<tmp_3363>[75]:bat[:wkb],X_575=<tmp_10400>[0]:bat[:wkb]);"	]
[ 3,	"X_616=<tmp_4764>[75]:bat[:int] := mat.packIncrement(X_615=<tmp_4764>[75]:bat[:int],X_582=<tmp_10132>[0]:bat[:int]);"	]
[ 2,	"language.pass(X_561=<tmp_5166>[0]:bat[:oid]);"	]
[ 7,	"X_608=<tmp_3052>[75]:bat[:oid] := mat.packIncrement(X_607=<tmp_3052>[75]:bat[:oid],X_563=<tmp_1255>[0]:bat[:oid]);"	]
[ 3,	"X_602=<tmp_3363>[75]:bat[:wkb] := mat.packIncrement(X_601=<tmp_3363>[75]:bat[:wkb],X_576=<tmp_13137>[0]:bat[:wkb]);"	]
[ 3,	"X_617=<tmp_4764>[75]:bat[:int] := mat.packIncrement(X_616=<tmp_4764>[75]:bat[:int],X_583=<tmp_13344>[0]:bat[:int]);"	]
[ 3,	"language.pass(X_563=<tmp_1255>[0]:bat[:oid]);"	]
[ 3,	"X_609=<tmp_3052>[75]:bat[:oid] := mat.packIncrement(X_608=<tmp_3052>[75]:bat[:oid],X_565=<tmp_5525>[0]:bat[:oid]);"	]
[ 2,	"X_618=<tmp_4764>[75]:bat[:int] := mat.packIncrement(X_617=<tmp_4764>[75]:bat[:int],X_584=<tmp_1716>[0]:bat[:int]);"	]
[ 2,	"language.pass(X_565=<tmp_5525>[0]:bat[:oid]);"	]
[ 3,	"X_610=<tmp_3052>[75]:bat[:oid] := mat.packIncrement(X_609=<tmp_3052>[75]:bat[:oid],X_567=<tmp_560>[0]:bat[:oid]);"	]
[ 2,	"language.pass(X_567=<tmp_560>[0]:bat[:oid]);"	]
[ 306537,	"C_393=<tmp_7055>[13817333]:bat[:oid] := algebra.subselect(X_369=<tmp_5001>[86147165]:bat[:sht],C_385=<tmp_5730>[23087350]:bat[:oid],A5=1:sht,A5=1:sht,true:bit,false:bit,false:bit);"	]
[ 112820,	"C_401=<tmp_5730>[2032770]:bat[:oid] := algebra.thetasubselect(X_361=<tmp_11670>[86147165]:bat[:sht],C_393=<tmp_7055>[13817333]:bat[:oid],A6=150:sht,\">\":str);"	]
[ 34699,	"C_409=<tmp_7055>[56571]:bat[:oid] := algebra.subselect(X_353=<tmp_5372>[86147165]:bat[:int],C_401=<tmp_5730>[2032770]:bat[:oid],X_44=93816000:int,X_49=93916000:int,true:bit,true:bit,false:bit);"	]
[ 10441,	"C_417=<tmp_5730>[0]:bat[:oid] := algebra.subselect(X_345=<tmp_1646>[86147165]:bat[:int],C_409=<tmp_7055>[56571]:bat[:oid],X_32=463891000:int,X_37=463991000:int,true:bit,true:bit,false:bit);"	]
[ 48,	"X_425=<tmp_7055>[0]:bat[:int] := algebra.projection(C_417=<tmp_5730>[0]:bat[:oid],X_353=<tmp_5372>[86147165]:bat[:int]);"	]
[ 2,	"language.pass(X_353=<tmp_5372>[86147165]:bat[:int]);"	]
[ 9,	"X_433=<tmp_5372>[0]:bat[:dbl] := batcalc.dbl(3:int,X_425=<tmp_7055>[0]:bat[:int]);"	]
[ 60,	"X_441=<tmp_5166>[0]:bat[:int] := algebra.projection(C_417=<tmp_5730>[0]:bat[:oid],X_345=<tmp_1646>[86147165]:bat[:int]);"	]
[ 65,	"X_465=<tmp_4702>[0]:bat[:int] := algebra.projectionpath(C_417=<tmp_5730>[0]:bat[:oid],C_270=<tmp_631>[86147165]:bat[:oid],X_336=<tmp_577>[86147165]:bat[:int]);"	]
[ 3,	"language.pass(X_345=<tmp_1646>[86147165]:bat[:int]);"	]
[ 2,	"language.pass(C_417=<tmp_5730>[0]:bat[:oid]);"	]
[ 17,	"X_449=<tmp_1255>[0]:bat[:dbl] := batcalc.dbl(3:int,X_441=<tmp_5166>[0]:bat[:int]);"	]
[ 49,	"X_473=<tmp_5730>[0]:bat[:dbl] := batcalc.dbl(3:int,X_465=<tmp_4702>[0]:bat[:int]);"	]
[ 4,	"language.pass(C_270=<tmp_631>[86147165]:bat[:oid]);"	]
[ 56,	"(X_488=<tmp_560>[0]:bat[:oid],X_489=<tmp_1716>[0]:bat[:oid]) := geom.DWithinsubjoin(X_22=<tmp_531>[1]:bat[:wkb],X_433=<tmp_5372>[0]:bat[:dbl],X_449=<tmp_1255>[0]:bat[:dbl],X_473=<tmp_5730>[0]:bat[:dbl],A2=28992:int,A3=10:dbl,nil:BAT,nil:BAT,true:bit,nil:lng);"	]
[ 2,	"language.pass(X_22=<tmp_531>[1]:bat[:wkb]);"	]
[ 14,	"X_497=<tmp_5730>[0]:bat[:int] := algebra.projection(X_489=<tmp_1716>[0]:bat[:oid],X_425=<tmp_7055>[0]:bat[:int]);"	]
[ 1,	"language.pass(X_425=<tmp_7055>[0]:bat[:int]);"	]
[ 38,	"X_513=<tmp_2315>[0]:bat[:int] := algebra.projection(X_489=<tmp_1716>[0]:bat[:oid],X_441=<tmp_5166>[0]:bat[:int]);"	]
[ 74,	"X_529=<tmp_11670>[0]:bat[:int] := algebra.projection(X_489=<tmp_1716>[0]:bat[:oid],X_465=<tmp_4702>[0]:bat[:int]);"	]
[ 16,	"X_505=<tmp_5525>[0]:bat[:dbl] := batcalc.dbl(3:int,X_497=<tmp_5730>[0]:bat[:int]);"	]
[ 2,	"language.pass(X_441=<tmp_5166>[0]:bat[:int]);"	]
[ 2,	"language.pass(X_465=<tmp_4702>[0]:bat[:int]);"	]
[ 26,	"X_537=<tmp_4546>[0]:bat[:dbl] := batcalc.dbl(3:int,X_529=<tmp_11670>[0]:bat[:int]);"	]
[ 2,	"language.pass(X_489=<tmp_1716>[0]:bat[:oid]);"	]
[ 7,	"X_521=<tmp_5166>[0]:bat[:dbl] := batcalc.dbl(3:int,X_513=<tmp_2315>[0]:bat[:int]);"	]
[ 18,	"p=<tmp_2315>[0]:bat[:wkb] := batgeom.MakePointXYZM(x=<tmp_5525>[0]:bat[:dbl],y=<tmp_5166>[0]:bat[:dbl],z=<tmp_4546>[0]:bat[:dbl],nil:bat[:dbl],10:int);"	]
[ 133,	"function batgeom.MakePoint(x:bat[:dbl],y:bat[:dbl],z:bat[:dbl]):bat[:wkb];"	]
[ 234,	"X_545=<tmp_2315>[0]:bat[:wkb] := batgeom.MakePoint(X_505=<tmp_5525>[0]:bat[:dbl],X_521=<tmp_5166>[0]:bat[:dbl],X_537=<tmp_4546>[0]:bat[:dbl]);"	]
[ 26,	"X_553=<tmp_4546>[0]:bat[:wkb] := batgeom.setSRID(X_545=<tmp_2315>[0]:bat[:wkb],A1=28992:int);"	]
[ 16,	"(X_568=<tmp_2315>[0]:bat[:oid],X_569=<tmp_5166>[0]:bat[:oid]) := geom.DWithinsubjoin(X_553=<tmp_4546>[0]:bat[:wkb],X_133=<tmp_6146>[5]:bat[:wkb],A11=1:dbl,nil:BAT,nil:BAT,true:bit,nil:lng);"	]
[ 14,	"X_577=<tmp_4546>[0]:bat[:wkb] := algebra.projection(X_569=<tmp_5166>[0]:bat[:oid],X_133=<tmp_6146>[5]:bat[:wkb]);"	]
[ 7,	"X_142=<tmp_3363>[75]:bat[:wkb] := mat.packIncrement(X_602=<tmp_3363>[75]:bat[:wkb],X_577=<tmp_4546>[0]:bat[:wkb]);"	]
[ 18,	"X_136=<tmp_3052>[75]:bat[:oid] := mat.packIncrement(X_610=<tmp_3052>[75]:bat[:oid],X_569=<tmp_5166>[0]:bat[:oid]);"	]
[ 31,	"X_585=<tmp_1646>[0]:bat[:int] := algebra.projection(X_568=<tmp_2315>[0]:bat[:oid],X_529=<tmp_11670>[0]:bat[:int]);"	]
[ 5,	"language.pass(X_569=<tmp_5166>[0]:bat[:oid]);"	]
[ 27,	"X_143=<tmp_4600>[75]:bat[:wkb] := bat.append(X_1=<tmp_4600>[75]:bat[:wkb],X_142=<tmp_3363>[75]:bat[:wkb],true:bit);"	]
[ 4,	"language.pass(X_529=<tmp_11670>[0]:bat[:int]);"	]
[ 37,	"X_178=<tmp_4764>[75]:bat[:int] := mat.packIncrement(X_618=<tmp_4764>[75]:bat[:int],X_585=<tmp_1646>[0]:bat[:int]);"	]
[ 54,	"X_157=<tmp_4702>[75]:bat[:str] := algebra.projection(X_136=<tmp_3052>[75]:bat[:oid],X_156=<tmp_5104>[5]:bat[:str]);"	]
[ 70,	"X_146=<tmp_577>[0]:bat[:oid] := algebra.subdiff(X_145=<tmp_7177>[5]:bat[:oid],X_136=<tmp_3052>[75]:bat[:oid],nil:BAT,nil:BAT,false:bit,nil:lng);"	]
[ 3,	"language.pass(X_136=<tmp_3052>[75]:bat[:oid]);"	]
[ 22,	"X_158=<tmp_562>[75]:bat[:str] := bat.append(X_150=<tmp_562>[75]:bat[:str],X_157=<tmp_4702>[75]:bat[:str],true:bit);"	]
[ 5,	"X_179=<tmp_464>[75]:bat[:int] := bat.append(X_176=<tmp_464>[75]:bat[:int],X_178=<tmp_4764>[75]:bat[:int],true:bit);"	]
[ 21,	"X_182=<tmp_631>[0]:bat[:int] := algebra.project(X_146=<tmp_577>[0]:bat[:oid],nil:int);"	]
[ 28,	"X_148=<tmp_5166>[0]:bat[:wkb] := algebra.projection(X_146=<tmp_577>[0]:bat[:oid],X_133=<tmp_6146>[5]:bat[:wkb]);"	]
[ 18,	"X_159=<tmp_1716>[0]:bat[:str] := algebra.projection(X_146=<tmp_577>[0]:bat[:oid],X_156=<tmp_5104>[5]:bat[:str]);"	]
[ 3,	"X_183=<tmp_464>[75]:bat[:int] := bat.append(X_179=<tmp_464>[75]:bat[:int],X_182=<tmp_631>[0]:bat[:int],true:bit);"	]
[ 3,	"language.pass(X_133=<tmp_6146>[5]:bat[:wkb]);"	]
[ 2,	"language.pass(X_146=<tmp_577>[0]:bat[:oid]);"	]
[ 8,	"language.pass(X_156=<tmp_5104>[5]:bat[:str]);"	]
[ 26,	"X_160=<tmp_562>[75]:bat[:str] := bat.append(X_158=<tmp_562>[75]:bat[:str],X_159=<tmp_1716>[0]:bat[:str],true:bit);"	]
[ 12,	"X_184=<tmp_631>[75]:bat[:dbl] := batcalc.dbl(3:int,X_183=<tmp_464>[75]:bat[:int]);"	]
[ 12,	"X_149=<tmp_4600>[75]:bat[:wkb] := bat.append(X_143=<tmp_4600>[75]:bat[:wkb],X_148=<tmp_5166>[0]:bat[:wkb],true:bit);"	]
[ 36,	"(X_161=<tmp_1716>[75]:bat[:oid],r1_175=<tmp_3363>[5]:bat[:oid],r2_175=<tmp_4546>[5]:bat[:lng]) := group.subgroup(X_160=<tmp_562>[75]:bat[:str]);"	]
[ 187,	"(X_164=<tmp_4546>[75]:bat[:oid],r1_178=<tmp_3363>[5]:bat[:oid],r2_178=<tmp_5525>[5]:bat[:lng]) := group.subgroupdone(X_149=<tmp_4600>[75]:bat[:wkb],X_161=<tmp_1716>[75]:bat[:oid]);"	]
[ 26,	"X_167=<tmp_1716>[5]:bat[:str] := algebra.projection(r1_178=<tmp_3363>[5]:bat[:oid],X_160=<tmp_562>[75]:bat[:str]);"	]
[ 2,	"language.pass(X_160=<tmp_562>[75]:bat[:str]);"	]
[ 29,	"X_170=<tmp_3052>[5]:bat[:wkb] := algebra.projection(r1_178=<tmp_3363>[5]:bat[:oid],X_149=<tmp_4600>[75]:bat[:wkb]);"	]
[ 37,	"X_188=<tmp_4702>[5]:bat[:dbl] := aggr.subavg(X_184=<tmp_631>[75]:bat[:dbl],X_164=<tmp_4546>[75]:bat[:oid],r1_178=<tmp_3363>[5]:bat[:oid],true:bit,true:bit);"	]
[ 2,	"language.pass(X_149=<tmp_4600>[75]:bat[:wkb]);"	]
[ 2,	"language.pass(r1_178=<tmp_3363>[5]:bat[:oid]);"	]
[ 17,	"X_169=<tmp_6146>[5]:bat[:str] := algebra.project(X_167=<tmp_1716>[5]:bat[:str],A12=\"light\":str);"	]
[ 16,	"X_190=<tmp_577>[5]:bat[:dbl] := batcalc.+(X_188=<tmp_4702>[5]:bat[:dbl],A10=5:dbl);"	]
[ 530,	"x=<tmp_562>[5]:bat[:wkb] := batgeom.ForceDimensions(g=<tmp_3052>[5]:bat[:wkb],3:int);"	]
[ 737,	"function batgeom.Force3D(g:bat[:wkb]):bat[:wkb];"	]
[ 811,	"X_171=<tmp_562>[5]:bat[:wkb] := batgeom.Force3D(X_170=<tmp_3052>[5]:bat[:wkb]);"	]
[ 195,	"x=<tmp_3052>[5]:bat[:wkb] := batgeom.Translate3D(g=<tmp_562>[5]:bat[:wkb],nil:BAT,dx=0:dbl,nil:BAT,dy=0:dbl,dzBAT=<tmp_577>[5]:bat[:dbl],0:dbl);"	]
[ 291,	"function batgeom.Translate(g:bat[:wkb],dx:dbl,dy:dbl,dzBAT:bat[:dbl]):bat[:wkb];"	]
[ 403,	"X_192=<tmp_3052>[5]:bat[:wkb] := batgeom.Translate(X_171=<tmp_562>[5]:bat[:wkb],A8=0:dbl,A9=0:dbl,X_190=<tmp_577>[5]:bat[:dbl]);"	]
[ 198,	"c=<tmp_577>[5]:bat[:dbl] := batgeom.GetCoordinate(w=<tmp_3052>[5]:bat[:wkb],0:int);"	]
[ 163,	"c=<tmp_5166>[5]:bat[:dbl] := batgeom.GetCoordinate(w=<tmp_3052>[5]:bat[:wkb],1:int);"	]
[ 303,	"function batgeom.X(w:bat[:wkb]):bat[:dbl];"	]
[ 247,	"c=<tmp_464>[5]:bat[:dbl] := batgeom.GetCoordinate(w=<tmp_3052>[5]:bat[:wkb],2:int);"	]
[ 653,	"function batgeom.Z(w:bat[:wkb]):bat[:dbl];"	]
[ 753,	"X_198=<tmp_464>[5]:bat[:dbl] := batgeom.Z(X_192=<tmp_3052>[5]:bat[:wkb]);"	]
[ 257,	"function batgeom.Y(w:bat[:wkb]):bat[:dbl];"	]
[ 409,	"X_194=<tmp_577>[5]:bat[:dbl] := batgeom.X(X_192=<tmp_3052>[5]:bat[:wkb]);"	]
[ 1423,	"X_196=<tmp_5166>[5]:bat[:dbl] := batgeom.Y(X_192=<tmp_3052>[5]:bat[:wkb]);"	]
[ 3,	"language.pass(X_192=<tmp_3052>[5]:bat[:wkb]);"	]
[ 1833110,	"barrier X_725=false:bit := language.dataflow();"	]
[ 344,	"X_200=0:int := sql.resultSet(X_239=<tmp_1606>[5]:bat[:str],X_240=<tmp_2617>[5]:bat[:str],X_242=<tmp_2267>[5]:bat[:str],X_243=<tmp_2005>[5]:bat[:int],X_244=<tmp_2521>[5]:bat[:int],X_167=<tmp_1716>[5]:bat[:str],X_169=<tmp_6146>[5]:bat[:str],X_194=<tmp_577>[5]:bat[:dbl],X_196=<tmp_5166>[5]:bat[:dbl],X_198=<tmp_464>[5]:bat[:dbl]);"	]
[ 1885618,	"function user.s11_1(A0:int,A1:int,A2:int,A3:dbl,A4:bte,A5:sht,A6:sht,A7:str,A8:dbl,A9:dbl,A10:dbl,A11:dbl,A12:str):void;"	]
[ 1885771,	"X_0=0@0:void := user.s11_1(28992:int,28992:int,28992:int,10:dbl,1:bte,1:sht,150:sht,\"lichtmast\":str,0:dbl,0:dbl,5:dbl,1:dbl,\"light\":str);"	]
