

% .p,	.L2,	.L2,	.L2 # table_name
% id,	type,	color,	geom # name
% int,	char,	char,	clob # type
% 1,	8,	3,	0 # length
% .trace,	.trace # table_name
% usec,	statement # name
% bigint,	clob # type
% 8,	2436 # length
[ 3,	"X_285=\"trace with\\nbounds as (\\n \\n select st_makeenvelope(_west, _south, _east, _north, 28992) as geom\\n),\\npointcloud as (\\n select x, y, z\\n from ahn3, bounds\\n where\\n x between _west and _east and\\n y between _south and _north and\\n \\n [geom] contains [x, y, z, 28992]\\n and c = 6\\n),\\nfootprints as (\\n select st_force3d(st_geometryn(st_simplifypreservetopology(wkt, 0.4),1)) as geom,\\n a.ogc_fid as id,\\n 0 as bouwjaar\\n from bgt_pand a, bounds b\\n where \\n \\n \\n col_area > 30.0 and\\n ((a.col_ymax < _south) or\\n (a.col_ymin > _north) or\\n (a.col_xmax < _west) or\\n (a.col_xmin > _east))\\n and [a.wkt] intersects [b.geom]\\n and [st_centroid(a.wkt)] intersects [b.geom]\\n \\n \\n),\\nstats_fast as (\\n select\\n footprints.id,\\n bouwjaar,\\n geom as footprint,\\n max(z) as max,\\n min(z) as min\\n from footprints\\n left join pointcloud on\\n \\n [geom] intersects [x, y, z, 28992]\\n group by footprints.id, footprint, bouwjaar\\n),\\npolygons as (\\n select\\n id, bouwjaar,\\n (\\n st_extrude(\\n st_translate(footprint,0,0, min - 1)\\n , 0,0,max-min -1)\\n ) as geom\\n from stats_fast\\n)\\nselect id, \\\\'building\\\\' as \\\"type\\\", \\\\'red\\\\' as color, st_asx3d((p.geom), 4.0, 0) as geom from polygons p;\":void := querylog.define(\"trace with\\nbounds as (\\n \\n select st_makeenvelope(_west, _south, _east, _north, 28992) as geom\\n),\\npointcloud as (\\n select x, y, z\\n from ahn3, bounds\\n where\\n x between _west and _east and\\n y between _south and _north and\\n \\n [geom] contains [x, y, z, 28992]\\n and c = 6\\n),\\nfootprints as (\\n select st_force3d(st_geometryn(st_simplifypreservetopology(wkt, 0.4),1)) as geom,\\n a.ogc_fid as id,\\n 0 as bouwjaar\\n from bgt_pand a, bounds b\\n where \\n \\n \\n col_area > 30.0 and\\n ((a.col_ymax < _south) or\\n (a.col_ymin > _north) or\\n (a.col_xmax < _west) or\\n (a.col_xmin > _east))\\n and [a.wkt] intersects [b.geom]\\n and [st_centroid(a.wkt)] intersects [b.geom]\\n \\n \\n),\\nstats_fast as (\\n select\\n footprints.id,\\n bouwjaar,\\n geom as footprint,\\n max(z) as max,\\n min(z) as min\\n from footprints\\n left join pointcloud on\\n \\n [geom] intersects [x, y, z, 28992]\\n group by footprints.id, footprint, bouwjaar\\n),\\npolygons as (\\n select\\n id, bouwjaar,\\n (\\n st_extrude(\\n st_translate(footprint,0,0, min - 1)\\n , 0,0,max-min -1)\\n ) as geom\\n from stats_fast\\n)\\nselect id, \\\\'building\\\\' as \\\"type\\\", \\\\'red\\\\' as color, st_asx3d((p.geom), 4.0, 0) as geom from polygons p;\":str,\"default_pipe\":str,159:int);"	]
[ 4,	"X_0=0:int := sql.mvc();"	]
[ 13,	"C_3=<tmp_21241>[4993503]:bat[:oid] := sql.tid(X_0=0:int,\"sys\":str,\"bgt_pand\":str);"	]
[ 42,	"X_11=<tmp_437>[4993503]:bat[:int] := sql.bind(X_0=0:int,\"sys\":str,\"bgt_pand\":str,\"col_ymax\":str,0:int);"	]
[ 16,	"X_13=<tmp_21440>[4993503]:bat[:int] := algebra.projection(C_3=<tmp_21241>[4993503]:bat[:oid],X_11=<tmp_437>[4993503]:bat[:int]);"	]
[ 34,	"X_6=<tmp_11371>[4993503]:bat[:dbl] := sql.bind(X_0=0:int,\"sys\":str,\"bgt_pand\":str,\"col_area\":str,0:int);"	]
[ 7,	"X_9=<tmp_21542>[4993503]:bat[:dbl] := algebra.projection(C_3=<tmp_21241>[4993503]:bat[:oid],X_6=<tmp_11371>[4993503]:bat[:dbl]);"	]
[ 21,	"X_1=<tmp_21643>[0]:bat[:bte] := bat.new(nil:bte);"	]
[ 2,	"X_16=4638910:int := sql.getVariable(X_0=0:int,\"_south\":str);"	]
[ 37,	"X_19=<tmp_102>[4993503]:bat[:int] := sql.bind(X_0=0:int,\"sys\":str,\"bgt_pand\":str,\"col_ymin\":str,0:int);"	]
[ 15,	"X_21=<tmp_65>[4993503]:bat[:int] := algebra.projection(C_3=<tmp_21241>[4993503]:bat[:oid],X_19=<tmp_102>[4993503]:bat[:int]);"	]
[ 50117,	"C_17=<tmp_61>[2822122]:bat[:oid] := algebra.thetasubselect(X_13=<tmp_21440>[4993503]:bat[:int],X_16=4638910:int,\"<\":str);"	]
[ 11,	"X_24=4639910:int := sql.getVariable(X_0=0:int,\"_north\":str);"	]
[ 69,	"X_27=<tmp_106>[4993503]:bat[:int] := sql.bind(X_0=0:int,\"sys\":str,\"bgt_pand\":str,\"col_xmax\":str,0:int);"	]
[ 10,	"X_29=<tmp_21440>[4993503]:bat[:int] := algebra.projection(C_3=<tmp_21241>[4993503]:bat[:oid],X_27=<tmp_106>[4993503]:bat[:int]);"	]
[ 36424,	"C_25=<tmp_60>[2167186]:bat[:oid] := algebra.thetasubselect(X_21=<tmp_65>[4993503]:bat[:int],X_24=4639910:int,\">\":str);"	]
[ 10,	"X_32=938160:int := sql.getVariable(X_0=0:int,\"_west\":str);"	]
[ 51,	"X_34=<tmp_21651>[4993503]:bat[:int] := sql.bind(X_0=0:int,\"sys\":str,\"bgt_pand\":str,\"col_xmin\":str,0:int);"	]
[ 9,	"X_36=<tmp_65>[4993503]:bat[:int] := algebra.projection(C_3=<tmp_21241>[4993503]:bat[:oid],X_34=<tmp_21651>[4993503]:bat[:int]);"	]
[ 21318,	"C_33=<tmp_57>[693402]:bat[:oid] := algebra.thetasubselect(X_29=<tmp_21440>[4993503]:bat[:int],X_32=938160:int,\"<\":str);"	]
[ 6,	"X_39=939160:int := sql.getVariable(X_0=0:int,\"_east\":str);"	]
[ 62671,	"C_40=<tmp_21440>[4293287]:bat[:oid] := algebra.thetasubselect(X_36=<tmp_65>[4993503]:bat[:int],X_39=939160:int,\">\":str);"	]
[ 55509,	"X_41=<tmp_65>[4986689]:bat[:oid] := bat.mergecand(C_33=<tmp_57>[693402]:bat[:oid],C_40=<tmp_21440>[4293287]:bat[:oid]);"	]
[ 58403,	"X_42=<tmp_21440>[4987799]:bat[:oid] := bat.mergecand(C_25=<tmp_60>[2167186]:bat[:oid],X_41=<tmp_65>[4986689]:bat[:oid]);"	]
[ 58129,	"X_43=<tmp_65>[4993342]:bat[:oid] := bat.mergecand(C_17=<tmp_61>[2822122]:bat[:oid],X_42=<tmp_21440>[4987799]:bat[:oid]);"	]
[ 71824,	"C_44=<tmp_21440>[3474306]:bat[:oid] := algebra.thetasubselect(X_9=<tmp_21542>[4993503]:bat[:dbl],X_43=<tmp_65>[4993342]:bat[:oid],A6=30:dbl,\">\":str);"	]
[ 64,	"X_45=<tmp_20634>[4993503]:bat[:int] := sql.bind(X_0=0:int,\"sys\":str,\"bgt_pand\":str,\"ogc_fid\":str,0:int);"	]
[ 22886,	"X_48=<tmp_65>[3474306]:bat[:int] := algebra.projectionpath(C_44=<tmp_21440>[3474306]:bat[:oid],C_3=<tmp_21241>[4993503]:bat[:oid],X_45=<tmp_20634>[4993503]:bat[:int]);"	]
[ 12,	"X_50=938160:int := sql.getVariable(X_0=0:int,\"_west\":str);"	]
[ 10,	"X_51=93816:dbl := calc.dbl(1:int,X_50=938160:int);"	]
[ 2,	"X_55=4638910:int := sql.getVariable(X_0=0:int,\"_south\":str);"	]
[ 1,	"X_56=463891:dbl := calc.dbl(1:int,X_55=4638910:int);"	]
[ 1,	"X_58=939160:int := sql.getVariable(X_0=0:int,\"_east\":str);"	]
[ 1,	"X_59=93916:dbl := calc.dbl(1:int,X_58=939160:int);"	]
[ 1,	"X_62=4639910:int := sql.getVariable(X_0=0:int,\"_north\":str);"	]
[ 12,	"C_100=<tmp_21542>[689177299]:bat[:oid] := sql.tid(X_0=0:int,\"sys\":str,\"c_30fz1\":str);"	]
[ 53,	"X_102=<tmp_20476>[689177299]:bat[:int] := sql.bind(X_0=0:int,\"sys\":str,\"c_30fz1\":str,\"y\":str,0:int);"	]
[ 8,	"X_104=<tmp_61>[689177299]:bat[:int] := algebra.projection(C_100=<tmp_21542>[689177299]:bat[:oid],X_102=<tmp_20476>[689177299]:bat[:int]);"	]
[ 0,	"X_63=463991:dbl := calc.dbl(1:int,X_62=4639910:int);"	]
[ 103,	"x=\"\"POLYGON ((93816 463891, 93816 463991, 93916 463991, 93916 463891, 93816 463891))\"\":wkb := geom.EnvelopeFromCoordinates(xmin=93816:dbl,ymin=463891:dbl,xmax=93916:dbl,ymax=463991:dbl,srid=28992:int);"	]
[ 265,	"function geom.MakeEnvelope(xmin:dbl,ymin:dbl,xmax:dbl,ymax:dbl,srid:int):wkb;"	]
[ 303,	"X_65=\"\"POLYGON ((93816 463891, 93816 463991, 93916 463991, 93916 463891, 93816 463891))\"\":wkb := geom.MakeEnvelope(X_51=93816:dbl,X_56=463891:dbl,X_59=93916:dbl,X_63=463991:dbl,A0=28992:int);"	]
[ 8,	"X_66=<tmp_60>[1]:bat[:wkb] := sql.single(X_65=\"\"POLYGON ((93816 463891, 93816 463991, 93916 463991, 93916 463891, 93816 463891))\"\":wkb);"	]
[ 52262,	"(C_67=<tmp_57>[3474306]:bat[:oid],C1_86=<tmp_56>[3474306]:bat[:oid]) := algebra.crossproduct(X_48=<tmp_65>[3474306]:bat[:int],X_66=<tmp_60>[1]:bat[:wkb]);"	]
[ 96,	"X_69=<tmp_21117>[4993503]:bat[:wkb] := sql.bind(X_0=0:int,\"sys\":str,\"bgt_pand\":str,\"wkt\":str,0:int);"	]
[ 961891,	"X_72=<tmp_51>[3474306]:bat[:wkb] := algebra.projectionpath(C_44=<tmp_21440>[3474306]:bat[:oid],C_3=<tmp_21241>[4993503]:bat[:oid],X_69=<tmp_21117>[4993503]:bat[:wkb]);"	]
[ 1090682,	"X_73=<tmp_21241>[3474306]:bat[:wkb] := algebra.projection(C_67=<tmp_57>[3474306]:bat[:oid],X_72=<tmp_51>[3474306]:bat[:wkb]);"	]
[ 539955,	"X_74=<tmp_21440>[3474306]:bat[:wkb] := algebra.projection(C1_86=<tmp_56>[3474306]:bat[:oid],X_66=<tmp_60>[1]:bat[:wkb]);"	]
[ 6238759,	"res=<tmp_50>[3474306]:bat[:bit] := batgeom.IntersectsWKB(a=<tmp_21241>[3474306]:bat[:wkb],b=<tmp_21440>[3474306]:bat[:wkb],nil:wkb);"	]
[ 6239030,	"function batgeom.Intersects(a:bat[:wkb],b:bat[:wkb]):bat[:bit];"	]
[ 6239134,	"X_75=<tmp_50>[3474306]:bat[:bit] := batgeom.Intersects(X_73=<tmp_21241>[3474306]:bat[:wkb],X_74=<tmp_21440>[3474306]:bat[:wkb]);"	]
[ 23215,	"C_78=<tmp_21440>[0]:bat[:oid] := algebra.subselect(X_75=<tmp_50>[3474306]:bat[:bit],true:bit,true:bit,true:bit,true:bit,false:bit);"	]
[ 10,	"X_82=<tmp_50>[0]:bat[:oid] := algebra.projection(C_78=<tmp_21440>[0]:bat[:oid],C_67=<tmp_57>[3474306]:bat[:oid]);"	]
[ 21,	"X_83=<tmp_57>[0]:bat[:wkb] := algebra.projection(X_82=<tmp_50>[0]:bat[:oid],X_72=<tmp_51>[3474306]:bat[:wkb]);"	]
[ 4763,	"X_84=<tmp_51>[0]:bat[:wkb] := batgeom.Centroid(X_83=<tmp_57>[0]:bat[:wkb]);"	]
[ 44,	"X_87=<tmp_21241>[0]:bat[:wkb] := algebra.projectionpath(C_78=<tmp_21440>[0]:bat[:oid],C1_86=<tmp_56>[3474306]:bat[:oid],X_66=<tmp_60>[1]:bat[:wkb]);"	]
[ 142,	"res=<tmp_56>[0]:bat[:bit] := batgeom.IntersectsWKB(a=<tmp_51>[0]:bat[:wkb],b=<tmp_21241>[0]:bat[:wkb],nil:wkb);"	]
[ 235,	"function batgeom.Intersects(a:bat[:wkb],b:bat[:wkb]):bat[:bit];"	]
[ 396,	"X_88=<tmp_56>[0]:bat[:bit] := batgeom.Intersects(X_84=<tmp_51>[0]:bat[:wkb],X_87=<tmp_21241>[0]:bat[:wkb]);"	]
[ 5,	"C_89=<tmp_21241>[0]:bat[:oid] := algebra.subselect(X_88=<tmp_56>[0]:bat[:bit],true:bit,true:bit,true:bit,true:bit,false:bit);"	]
[ 8,	"X_90=<tmp_56>[0]:bat[:wkb] := algebra.projection(C_89=<tmp_21241>[0]:bat[:oid],X_83=<tmp_57>[0]:bat[:wkb]);"	]
[ 147,	"X_92=<tmp_57>[0]:bat[:wkb] := mal.manifold(\"geom\":str,\"SimplifyPreserveTopology\":str,X_90=<tmp_56>[0]:bat[:wkb],A3=0.4:flt);"	]
[ 24,	"X_95=<tmp_56>[0]:bat[:wkb] := batgeom.GeometryN(X_92=<tmp_57>[0]:bat[:wkb],A4=1:int);"	]
[ 20,	"x=<tmp_57>[0]:bat[:wkb] := batgeom.ForceDimensions(g=<tmp_56>[0]:bat[:wkb],3:int);"	]
[ 51,	"function batgeom.Force3D(g:bat[:wkb]):bat[:wkb];"	]
[ 85,	"X_97=<tmp_57>[0]:bat[:wkb] := batgeom.Force3D(X_95=<tmp_56>[0]:bat[:wkb]);"	]
[ 21,	"X_107=4638910:int := sql.getVariable(X_0=0:int,\"_south\":str);"	]
[ 1,	"X_108=463891000:int := calc.int(1:int,X_107=4638910:int,9:int,3:int);"	]
[ 1,	"X_114=4639910:int := sql.getVariable(X_0=0:int,\"_north\":str);"	]
[ 96,	"X_116=<tmp_46>[689177299]:bat[:int] := sql.bind(X_0=0:int,\"sys\":str,\"c_30fz1\":str,\"x\":str,0:int);"	]
[ 17,	"X_118=<tmp_56>[689177299]:bat[:int] := algebra.projection(C_100=<tmp_21542>[689177299]:bat[:oid],X_116=<tmp_46>[689177299]:bat[:int]);"	]
[ 0,	"X_115=463991000:int := calc.int(1:int,X_114=4639910:int,9:int,3:int);"	]
[ 3,	"X_121=938160:int := sql.getVariable(X_0=0:int,\"_west\":str);"	]
[ 0,	"X_122=93816000:int := calc.int(1:int,X_121=938160:int,9:int,3:int);"	]
[ 0,	"X_125=939160:int := sql.getVariable(X_0=0:int,\"_east\":str);"	]
[ 6,	"X_245=<tmp_51>[0]:bat[:str] := bat.new(nil:str);"	]
[ 4,	"X_252=<tmp_51>[1]:bat[:str] := bat.append(X_245=<tmp_51>[1]:bat[:str],\".p\":str);"	]
[ 2,	"X_262=<tmp_51>[2]:bat[:str] := bat.append(X_252=<tmp_51>[2]:bat[:str],\".L2\":str);"	]
[ 1,	"X_271=<tmp_51>[3]:bat[:str] := bat.append(X_262=<tmp_51>[3]:bat[:str],\".L2\":str);"	]
[ 1,	"X_278=<tmp_51>[4]:bat[:str] := bat.append(X_271=<tmp_51>[4]:bat[:str],\".L2\":str);"	]
[ 9,	"X_247=<tmp_21440>[0]:bat[:str] := bat.new(nil:str);"	]
[ 1,	"X_254=<tmp_21440>[1]:bat[:str] := bat.append(X_247=<tmp_21440>[1]:bat[:str],\"id\":str);"	]
[ 1,	"X_264=<tmp_21440>[2]:bat[:str] := bat.append(X_254=<tmp_21440>[2]:bat[:str],\"type\":str);"	]
[ 1,	"X_272=<tmp_21440>[3]:bat[:str] := bat.append(X_264=<tmp_21440>[3]:bat[:str],\"color\":str);"	]
[ 1,	"X_279=<tmp_21440>[4]:bat[:str] := bat.append(X_272=<tmp_21440>[4]:bat[:str],\"geom\":str);"	]
[ 36,	"X_248=<tmp_47>[0]:bat[:str] := bat.new(nil:str);"	]
[ 2,	"X_256=<tmp_47>[1]:bat[:str] := bat.append(X_248=<tmp_47>[1]:bat[:str],\"int\":str);"	]
[ 1,	"X_266=<tmp_47>[2]:bat[:str] := bat.append(X_256=<tmp_47>[2]:bat[:str],\"char\":str);"	]
[ 0,	"X_274=<tmp_47>[3]:bat[:str] := bat.append(X_266=<tmp_47>[3]:bat[:str],\"char\":str);"	]
[ 1,	"X_281=<tmp_47>[4]:bat[:str] := bat.append(X_274=<tmp_47>[4]:bat[:str],\"clob\":str);"	]
[ 39,	"X_249=<tmp_45>[0]:bat[:int] := bat.new(nil:int);"	]
[ 1,	"X_258=<tmp_45>[1]:bat[:int] := bat.append(X_249=<tmp_45>[1]:bat[:int],32:int);"	]
[ 1,	"X_268=<tmp_45>[2]:bat[:int] := bat.append(X_258=<tmp_45>[2]:bat[:int],8:int);"	]
[ 3,	"X_275=<tmp_45>[3]:bat[:int] := bat.append(X_268=<tmp_45>[3]:bat[:int],3:int);"	]
[ 1,	"X_283=<tmp_45>[4]:bat[:int] := bat.append(X_275=<tmp_45>[4]:bat[:int],0:int);"	]
[ 18,	"X_251=<tmp_44>[0]:bat[:int] := bat.new(nil:int);"	]
[ 1,	"X_260=<tmp_44>[1]:bat[:int] := bat.append(X_251=<tmp_44>[1]:bat[:int],0:int);"	]
[ 1,	"X_270=<tmp_44>[2]:bat[:int] := bat.append(X_260=<tmp_44>[2]:bat[:int],0:int);"	]
[ 1,	"X_277=<tmp_44>[3]:bat[:int] := bat.append(X_270=<tmp_44>[3]:bat[:int],0:int);"	]
[ 1,	"X_284=<tmp_44>[4]:bat[:int] := bat.append(X_277=<tmp_44>[4]:bat[:int],0:int);"	]
[ 48,	"X_127=<tmp_20500>[689177299]:bat[:bte] := sql.bind(X_0=0:int,\"sys\":str,\"c_30fz1\":str,\"c\":str,0:int);"	]
[ 7,	"X_129=<tmp_42>[689177299]:bat[:bte] := algebra.projection(C_100=<tmp_21542>[689177299]:bat[:oid],X_127=<tmp_20500>[689177299]:bat[:bte]);"	]
[ 1633138,	"C_131=<tmp_40>[121840575]:bat[:oid] := algebra.subselect(X_129=<tmp_42>[689177299]:bat[:bte],A2=6:bte,A2=6:bte,true:bit,false:bit,false:bit);"	]
[ 16,	"X_126=93916000:int := calc.int(1:int,X_125=939160:int,9:int,3:int);"	]
[ 571795,	"C_135=<tmp_42>[2943937]:bat[:oid] := algebra.subselect(X_118=<tmp_56>[689177299]:bat[:int],C_131=<tmp_40>[121840575]:bat[:oid],X_122=93816000:int,X_126=93916000:int,true:bit,true:bit,false:bit);"	]
[ 26025,	"C_136=<tmp_40>[276259]:bat[:oid] := algebra.subselect(X_104=<tmp_61>[689177299]:bat[:int],C_135=<tmp_42>[2943937]:bat[:oid],X_108=463891000:int,X_115=463991000:int,true:bit,true:bit,false:bit);"	]
[ 2567,	"X_137=<tmp_42>[276259]:bat[:int] := algebra.projection(C_136=<tmp_40>[276259]:bat[:oid],X_118=<tmp_56>[689177299]:bat[:int]);"	]
[ 2876,	"X_138=<tmp_56>[276259]:bat[:dbl] := batcalc.dbl(3:int,X_137=<tmp_42>[276259]:bat[:int]);"	]
[ 1712,	"X_141=<tmp_37>[276259]:bat[:int] := algebra.projection(C_136=<tmp_40>[276259]:bat[:oid],X_104=<tmp_61>[689177299]:bat[:int]);"	]
[ 2862,	"X_142=<tmp_61>[276259]:bat[:dbl] := batcalc.dbl(3:int,X_141=<tmp_37>[276259]:bat[:int]);"	]
[ 51,	"X_143=<tmp_15>[689177299]:bat[:int] := sql.bind(X_0=0:int,\"sys\":str,\"c_30fz1\":str,\"z\":str,0:int);"	]
[ 2390,	"X_146=<tmp_36>[276259]:bat[:int] := algebra.projectionpath(C_136=<tmp_40>[276259]:bat[:oid],C_100=<tmp_21542>[689177299]:bat[:oid],X_143=<tmp_15>[689177299]:bat[:int]);"	]
[ 4621,	"X_147=<tmp_21542>[276259]:bat[:dbl] := batcalc.dbl(3:int,X_146=<tmp_36>[276259]:bat[:int]);"	]
[ 45111,	"(X_150=<tmp_40>[276259]:bat[:oid],X_151=<tmp_35>[276259]:bat[:oid]) := geom.Containssubjoin(X_66=<tmp_60>[1]:bat[:wkb],X_138=<tmp_56>[276259]:bat[:dbl],X_142=<tmp_61>[276259]:bat[:dbl],X_147=<tmp_21542>[276259]:bat[:dbl],A1=28992:int,nil:BAT,nil:BAT,true:bit,nil:lng);"	]
[ 790,	"X_157=<tmp_21542>[276259]:bat[:int] := algebra.projection(X_151=<tmp_35>[276259]:bat[:oid],X_137=<tmp_42>[276259]:bat[:int]);"	]
[ 2512,	"X_158=<tmp_42>[276259]:bat[:dbl] := batcalc.dbl(3:int,X_157=<tmp_21542>[276259]:bat[:int]);"	]
[ 765,	"X_159=<tmp_21542>[276259]:bat[:int] := algebra.projection(X_151=<tmp_35>[276259]:bat[:oid],X_141=<tmp_37>[276259]:bat[:int]);"	]
[ 2673,	"X_160=<tmp_37>[276259]:bat[:dbl] := batcalc.dbl(3:int,X_159=<tmp_21542>[276259]:bat[:int]);"	]
[ 766,	"X_161=<tmp_21542>[276259]:bat[:int] := algebra.projection(X_151=<tmp_35>[276259]:bat[:oid],X_146=<tmp_36>[276259]:bat[:int]);"	]
[ 4682,	"X_162=<tmp_36>[276259]:bat[:dbl] := batcalc.dbl(3:int,X_161=<tmp_21542>[276259]:bat[:int]);"	]
[ 10,	"(X_164=<tmp_35>[0]:bat[:oid],r1_183=<tmp_61>[0]:bat[:oid]) := geom.Intersectssubjoin(X_97=<tmp_57>[0]:bat[:wkb],X_158=<tmp_42>[276259]:bat[:dbl],X_160=<tmp_37>[276259]:bat[:dbl],X_162=<tmp_36>[276259]:bat[:dbl],A7=28992:int,nil:BAT,nil:BAT,true:bit,nil:lng);"	]
[ 12,	"X_168=<tmp_36>[0]:bat[:int] := algebra.projectionpath(C_89=<tmp_21241>[0]:bat[:oid],X_82=<tmp_50>[0]:bat[:oid],X_48=<tmp_65>[3474306]:bat[:int]);"	]
[ 21,	"X_170=<tmp_65>[0]:bat[:bte] := algebra.project(X_168=<tmp_36>[0]:bat[:int],A5=0:bte);"	]
[ 5,	"X_171=<tmp_50>[0]:bat[:bte] := algebra.projection(X_164=<tmp_35>[0]:bat[:oid],X_170=<tmp_65>[0]:bat[:bte]);"	]
[ 18,	"X_172=<tmp_21643>[0]:bat[:bte] := bat.append(X_1=<tmp_21643>[0]:bat[:bte],X_171=<tmp_50>[0]:bat[:bte],true:bit);"	]
[ 8,	"X_173=<tmp_21241>[0]:bat[:oid] := bat.mirror(X_97=<tmp_57>[0]:bat[:wkb]);"	]
[ 12,	"X_174=<tmp_50>[0]:bat[:oid] := algebra.subdiff(X_173=<tmp_21241>[0]:bat[:oid],X_164=<tmp_35>[0]:bat[:oid],nil:BAT,nil:BAT,false:bit,nil:lng);"	]
[ 3,	"X_176=<tmp_21241>[0]:bat[:bte] := algebra.projection(X_174=<tmp_50>[0]:bat[:oid],X_170=<tmp_65>[0]:bat[:bte]);"	]
[ 3,	"X_177=<tmp_21643>[0]:bat[:bte] := bat.append(X_172=<tmp_21643>[0]:bat[:bte],X_176=<tmp_21241>[0]:bat[:bte],true:bit);"	]
[ 4,	"X_178=<tmp_21241>[0]:bat[:int] := bat.new(nil:int);"	]
[ 7,	"X_180=<tmp_65>[0]:bat[:int] := algebra.projection(X_164=<tmp_35>[0]:bat[:oid],X_168=<tmp_36>[0]:bat[:int]);"	]
[ 1,	"X_181=<tmp_21241>[0]:bat[:int] := bat.append(X_178=<tmp_21241>[0]:bat[:int],X_180=<tmp_65>[0]:bat[:int],true:bit);"	]
[ 3,	"X_182=<tmp_65>[0]:bat[:int] := algebra.projection(X_174=<tmp_50>[0]:bat[:oid],X_168=<tmp_36>[0]:bat[:int]);"	]
[ 1,	"X_183=<tmp_21241>[0]:bat[:int] := bat.append(X_181=<tmp_21241>[0]:bat[:int],X_182=<tmp_65>[0]:bat[:int],true:bit);"	]
[ 5,	"X_184=<tmp_65>[0]:bat[:wkb] := bat.new(nil:wkb);"	]
[ 5,	"X_186=<tmp_36>[0]:bat[:wkb] := algebra.projection(X_164=<tmp_35>[0]:bat[:oid],X_97=<tmp_57>[0]:bat[:wkb]);"	]
[ 1,	"X_187=<tmp_65>[0]:bat[:wkb] := bat.append(X_184=<tmp_65>[0]:bat[:wkb],X_186=<tmp_36>[0]:bat[:wkb],true:bit);"	]
[ 5,	"X_188=<tmp_36>[0]:bat[:wkb] := algebra.projection(X_174=<tmp_50>[0]:bat[:oid],X_97=<tmp_57>[0]:bat[:wkb]);"	]
[ 0,	"X_189=<tmp_65>[0]:bat[:wkb] := bat.append(X_187=<tmp_65>[0]:bat[:wkb],X_188=<tmp_36>[0]:bat[:wkb],true:bit);"	]
[ 8,	"(X_190=<tmp_36>[0]:bat[:oid],r1_209=<tmp_57>[0]:bat[:oid],r2_209=<tmp_35>[0]:bat[:lng]) := group.subgroup(X_189=<tmp_65>[0]:bat[:wkb]);"	]
[ 4,	"(X_193=<tmp_35>[0]:bat[:oid],r1_212=<tmp_57>[0]:bat[:oid],r2_212=<tmp_37>[0]:bat[:lng]) := group.subgroup(X_183=<tmp_21241>[0]:bat[:int],X_190=<tmp_36>[0]:bat[:oid]);"	]
[ 3,	"(X_196=<tmp_36>[0]:bat[:oid],r1_215=<tmp_37>[0]:bat[:oid],r2_215=<tmp_57>[0]:bat[:lng]) := group.subgroupdone(X_177=<tmp_21643>[0]:bat[:bte],X_193=<tmp_35>[0]:bat[:oid]);"	]
[ 3,	"X_199=<tmp_35>[0]:bat[:int] := algebra.projection(r1_215=<tmp_37>[0]:bat[:oid],X_183=<tmp_21241>[0]:bat[:int]);"	]
[ 4,	"X_204=<tmp_21241>[0]:bat[:wkb] := algebra.projection(r1_215=<tmp_37>[0]:bat[:oid],X_189=<tmp_65>[0]:bat[:wkb]);"	]
[ 2,	"X_207=<tmp_65>[0]:bat[:int] := bat.new(nil:int);"	]
[ 3,	"X_208=<tmp_21643>[0]:bat[:int] := algebra.projection(r1_183=<tmp_61>[0]:bat[:oid],X_161=<tmp_21542>[276259]:bat[:int]);"	]
[ 3,	"X_209=<tmp_65>[0]:bat[:int] := bat.append(X_207=<tmp_65>[0]:bat[:int],X_208=<tmp_21643>[0]:bat[:int],true:bit);"	]
[ 3,	"X_213=<tmp_21643>[0]:bat[:int] := algebra.project(X_174=<tmp_50>[0]:bat[:oid],nil:int);"	]
[ 1,	"X_214=<tmp_65>[0]:bat[:int] := bat.append(X_209=<tmp_65>[0]:bat[:int],X_213=<tmp_21643>[0]:bat[:int],true:bit);"	]
[ 28,	"X_215=<tmp_50>[0]:bat[:int] := aggr.submin(X_214=<tmp_65>[0]:bat[:int],X_196=<tmp_36>[0]:bat[:oid],r1_215=<tmp_37>[0]:bat[:oid],true:bit);"	]
[ 11,	"X_230=<tmp_21542>[0]:bat[:int] := aggr.submax(X_214=<tmp_65>[0]:bat[:int],X_196=<tmp_36>[0]:bat[:oid],r1_215=<tmp_37>[0]:bat[:oid],true:bit);"	]
[ 4,	"X_201=<tmp_37>[0]:bat[:str] := algebra.project(X_199=<tmp_35>[0]:bat[:int],A14=\"building\":str);"	]
[ 4,	"X_203=<tmp_36>[0]:bat[:str] := algebra.project(X_199=<tmp_35>[0]:bat[:int],A15=\"red\":str);"	]
[ 2,	"X_217=1000:int := calc.int(A10=1:bte,9:int,3:int);"	]
[ 24,	"X_220=<tmp_65>[0]:bat[:int] := batcalc.-(X_215=<tmp_50>[0]:bat[:int],X_217=1000:int);"	]
[ 3,	"X_223=<tmp_21643>[0]:bat[:dbl] := batcalc.dbl(3:int,X_220=<tmp_65>[0]:bat[:int]);"	]
[ 149,	"x=<tmp_65>[0]:bat[:wkb] := batgeom.Translate3D(g=<tmp_21241>[0]:bat[:wkb],nil:BAT,dx=0:dbl,nil:BAT,dy=0:dbl,dzBAT=<tmp_21643>[0]:bat[:dbl],0:dbl);"	]
[ 203,	"function batgeom.Translate(g:bat[:wkb],dx:dbl,dy:dbl,dzBAT:bat[:dbl]):bat[:wkb];"	]
[ 244,	"X_225=<tmp_65>[0]:bat[:wkb] := batgeom.Translate(X_204=<tmp_21241>[0]:bat[:wkb],A8=0:dbl,A9=0:dbl,X_223=<tmp_21643>[0]:bat[:dbl]);"	]
[ 15,	"X_231=<tmp_21643>[0]:bat[:int] := batcalc.-(X_230=<tmp_21542>[0]:bat[:int],X_215=<tmp_50>[0]:bat[:int]);"	]
[ 1,	"X_233=1000:int := calc.int(A13=1:bte,9:int,3:int);"	]
[ 4,	"X_234=<tmp_50>[0]:bat[:int] := batcalc.-(X_231=<tmp_21643>[0]:bat[:int],X_233=1000:int);"	]
[ 3,	"X_235=<tmp_21643>[0]:bat[:dbl] := batcalc.dbl(3:int,X_234=<tmp_50>[0]:bat[:int]);"	]
[ 54,	"X_236=<tmp_50>[0]:bat[:wkb] := mal.manifold(\"geom\":str,\"extrude\":str,X_225=<tmp_65>[0]:bat[:wkb],A11=0:dbl,A12=0:dbl,X_235=<tmp_21643>[0]:bat[:dbl]);"	]
[ 1,	"X_239=4:int := calc.int(1:int,A16=40:bte);"	]
[ 15,	"X_242=<tmp_21643>[0]:bat[:str] := batgeom.asX3D(X_236=<tmp_50>[0]:bat[:wkb],X_239=4:int,A17=0:int);"	]
[ 59,	"X_244=0:int := sql.resultSet(X_278=<tmp_51>[4]:bat[:str],X_279=<tmp_21440>[4]:bat[:str],X_281=<tmp_47>[4]:bat[:str],X_283=<tmp_45>[4]:bat[:int],X_284=<tmp_44>[4]:bat[:int],X_199=<tmp_35>[0]:bat[:int],X_201=<tmp_37>[0]:bat[:str],X_203=<tmp_36>[0]:bat[:str],X_242=<tmp_21643>[0]:bat[:str]);"	]
[ 12486862,	"function user.s9_1(A0:int,A1:int,A2:bte,A3:flt,A4:int,A5:bte,A6:dbl,A7:int,A8:dbl,A9:dbl,A10:bte,A11:dbl,A12:dbl,A13:bte,A14:str,A15:str,A16:bte,A17:int):void;"	]
[ 12486968,	"X_0=0@0:void := user.s9_1(28992:int,28992:int,6:bte,0.4:flt,1:int,0:bte,30:dbl,28992:int,0:dbl,0:dbl,1:bte,0:dbl,0:dbl,1:bte,\"building\":str,\"red\":str,40:bte,0:int);"	]
