configure: WARNING: unrecognized options: --enable-bits
Traceback (most recent call last):
  File "<string>", line 1, in <module>
ImportError: No module named pandas
Traceback (most recent call last):
  File "<string>", line 1, in <module>
ImportError: No module named scipy
configure: WARNING: unrecognized options: --enable-bits
ar: `u' modifier ignored since `D' is the default (see `U')
ar: `u' modifier ignored since `D' is the default (see `U')
ar: `u' modifier ignored since `D' is the default (see `U')
ar: `u' modifier ignored since `D' is the default (see `U')
ar: `u' modifier ignored since `D' is the default (see `U')
ar: `u' modifier ignored since `D' is the default (see `U')
ar: `u' modifier ignored since `D' is the default (see `U')
ar: `u' modifier ignored since `D' is the default (see `U')
ar: `u' modifier ignored since `D' is the default (see `U')
ar: `u' modifier ignored since `D' is the default (see `U')
ar: `u' modifier ignored since `D' is the default (see `U')
ar: `u' modifier ignored since `D' is the default (see `U')
ar: `u' modifier ignored since `D' is the default (see `U')
ar: `u' modifier ignored since `D' is the default (see `U')
ar: `u' modifier ignored since `D' is the default (see `U')
/home/tomt/src/MonetDB/sql/server/sql_parser.y: warning: 108 shift/reduce conflicts [-Wconflicts-sr]
/home/tomt/src/MonetDB/sql/server/sql_parser.y: warning: 19 reduce/reduce conflicts [-Wconflicts-rr]
/home/tomt/src/MonetDB/sql/server/sql_parser.y: warning: 108 shift/reduce conflicts [-Wconflicts-sr]
/home/tomt/src/MonetDB/sql/server/sql_parser.y: warning: 19 reduce/reduce conflicts [-Wconflicts-rr]
ar: `u' modifier ignored since `D' is the default (see `U')
ar: `u' modifier ignored since `D' is the default (see `U')
/home/tomt/src/MonetDB/geom/monetdb5/geom.c: In function ‘wkbsubPolygonize’:
/home/tomt/src/MonetDB/geom/monetdb5/geom.c:2216:9: warning: format not a string literal and no format arguments [-Wformat-security]
         throw(MAL, "BATgroupPolygonize: %s\n", msg);
         ^
/home/tomt/src/MonetDB/geom/monetdb5/geom.c: In function ‘wkbsubMakeLine’:
/home/tomt/src/MonetDB/geom/monetdb5/geom.c:3816:9: warning: format not a string literal and no format arguments [-Wformat-security]
         throw(MAL, "BATgroupMakeLine: %s\n", msg);
         ^
/home/tomt/src/MonetDB/geom/monetdb5/geom.c: In function ‘wkbsubUnion’:
/home/tomt/src/MonetDB/geom/monetdb5/geom.c:4920:9: warning: format not a string literal and no format arguments [-Wformat-security]
         throw(MAL, "BATgroupUnion: %s\n", msg);
         ^
/home/tomt/src/MonetDB/geom/monetdb5/geom.c: In function ‘BATgroupWKBWKBtoWKB’:
/home/tomt/src/MonetDB/geom/monetdb5/geom.c:5147:9: warning: format not a string literal and no format arguments [-Wformat-security]
         throw(MAL, "BATgroup%s: b and g must be aligned\n", name);
         ^
/home/tomt/src/MonetDB/geom/monetdb5/geom.c:5218:21: warning: format not a string literal and no format arguments [-Wformat-security]
                     err = createException(MAL, name, msg);
                     ^
/home/tomt/src/MonetDB/geom/monetdb5/geom.c:5256:25: warning: format not a string literal and no format arguments [-Wformat-security]
                         err = createException(MAL, name, msg);
                         ^
/home/tomt/src/MonetDB/geom/monetdb5/geom.c:5313:25: warning: format not a string literal and no format arguments [-Wformat-security]
                         err = createException(MAL, name, msg);
                         ^
/home/tomt/src/MonetDB/geom/monetdb5/geom.c: In function ‘wkbsubCollect’:
/home/tomt/src/MonetDB/geom/monetdb5/geom.c:5526:9: warning: format not a string literal and no format arguments [-Wformat-security]
         throw(MAL, "BATgroupCollect: %s\n", msg);
         ^
/home/tomt/src/MonetDB/geom/monetdb5/geomBulk.c: In function ‘geom_2_geom_bat’:
/home/tomt/src/MonetDB/geom/monetdb5/geomBulk.c:55:21: warning: format ‘%d’ expects argument of type ‘int’, but argument 3 has type ‘BUN {aka long unsigned int}’ [-Wformat=]
     fprintf(stdout, "batcalc.wkb %d %d\n", p, q);
                     ^
/home/tomt/src/MonetDB/geom/monetdb5/geomBulk.c:55:21: warning: format ‘%d’ expects argument of type ‘int’, but argument 4 has type ‘BUN {aka long unsigned int}’ [-Wformat=]
/home/tomt/src/MonetDB/geom/monetdb5/geomBulk.c: In function ‘wkbCoordinateFromMBR_bat’:
/home/tomt/src/MonetDB/geom/monetdb5/geomBulk.c:194:21: warning: format ‘%d’ expects argument of type ‘int’, but argument 3 has type ‘BUN {aka long unsigned int}’ [-Wformat=]
     fprintf(stdout, "batgeom.coordinateFromMBR %d %d\n", p, q);
                     ^
/home/tomt/src/MonetDB/geom/monetdb5/geomBulk.c:194:21: warning: format ‘%d’ expects argument of type ‘int’, but argument 4 has type ‘BUN {aka long unsigned int}’ [-Wformat=]
/home/tomt/src/MonetDB/geom/monetdb5/geomBulk.c: In function ‘WKBtoDBL_bat’:
/home/tomt/src/MonetDB/geom/monetdb5/geomBulk.c:331:21: warning: format ‘%d’ expects argument of type ‘int’, but argument 4 has type ‘BUN {aka long unsigned int}’ [-Wformat=]
     fprintf(stdout, "%s %d %d\n", name, p, q);
                     ^
/home/tomt/src/MonetDB/geom/monetdb5/geomBulk.c:331:21: warning: format ‘%d’ expects argument of type ‘int’, but argument 5 has type ‘BUN {aka long unsigned int}’ [-Wformat=]
/home/tomt/src/MonetDB/geom/monetdb5/geomBulk.c: In function ‘WKBtoWKB_bat’:
/home/tomt/src/MonetDB/geom/monetdb5/geomBulk.c:413:21: warning: format ‘%d’ expects argument of type ‘int’, but argument 4 has type ‘BUN {aka long unsigned int}’ [-Wformat=]
     fprintf(stdout, "%s %d %d\n", name, p, q);
                     ^
/home/tomt/src/MonetDB/geom/monetdb5/geomBulk.c:413:21: warning: format ‘%d’ expects argument of type ‘int’, but argument 5 has type ‘BUN {aka long unsigned int}’ [-Wformat=]
/home/tomt/src/MonetDB/geom/monetdb5/geomBulk.c: In function ‘WKBtoWKBflagINT_bat’:
/home/tomt/src/MonetDB/geom/monetdb5/geomBulk.c:520:21: warning: format ‘%d’ expects argument of type ‘int’, but argument 4 has type ‘BUN {aka long unsigned int}’ [-Wformat=]
     fprintf(stdout, "%s %d %d\n", name, p, q);
                     ^
/home/tomt/src/MonetDB/geom/monetdb5/geomBulk.c:520:21: warning: format ‘%d’ expects argument of type ‘int’, but argument 5 has type ‘BUN {aka long unsigned int}’ [-Wformat=]
/home/tomt/src/MonetDB/geom/monetdb5/geomBulk.c: In function ‘WKBtoBIT_bat’:
/home/tomt/src/MonetDB/geom/monetdb5/geomBulk.c:625:21: warning: format ‘%d’ expects argument of type ‘int’, but argument 4 has type ‘BUN {aka long unsigned int}’ [-Wformat=]
     fprintf(stdout, "%s %d %d\n", name, p, q);
                     ^
/home/tomt/src/MonetDB/geom/monetdb5/geomBulk.c:625:21: warning: format ‘%d’ expects argument of type ‘int’, but argument 5 has type ‘BUN {aka long unsigned int}’ [-Wformat=]
/home/tomt/src/MonetDB/geom/monetdb5/geomBulk.c: In function ‘WKBWKBtoBIT_bat’:
/home/tomt/src/MonetDB/geom/monetdb5/geomBulk.c:737:21: warning: format ‘%d’ expects argument of type ‘int’, but argument 4 has type ‘BUN {aka long unsigned int}’ [-Wformat=]
     fprintf(stdout, "%s %d %d\n", name, p, q);
                     ^
/home/tomt/src/MonetDB/geom/monetdb5/geomBulk.c:737:21: warning: format ‘%d’ expects argument of type ‘int’, but argument 5 has type ‘BUN {aka long unsigned int}’ [-Wformat=]
/home/tomt/src/MonetDB/geom/monetdb5/geomBulk.c: In function ‘WKBWKBtoWKB_bat’:
/home/tomt/src/MonetDB/geom/monetdb5/geomBulk.c:828:21: warning: format ‘%d’ expects argument of type ‘int’, but argument 4 has type ‘BUN {aka long unsigned int}’ [-Wformat=]
     fprintf(stdout, "%s %d %d\n", name, p, q);
                     ^
/home/tomt/src/MonetDB/geom/monetdb5/geomBulk.c:828:21: warning: format ‘%d’ expects argument of type ‘int’, but argument 5 has type ‘BUN {aka long unsigned int}’ [-Wformat=]
/home/tomt/src/MonetDB/geom/monetdb5/geomBulk.c: In function ‘WKBtoBITxyzDBL_bat’:
/home/tomt/src/MonetDB/geom/monetdb5/geomBulk.c:948:21: warning: format ‘%d’ expects argument of type ‘int’, but argument 4 has type ‘BUN {aka long unsigned int}’ [-Wformat=]
     fprintf(stdout, "%s, %d %d\n", name, p, q);
                     ^
/home/tomt/src/MonetDB/geom/monetdb5/geomBulk.c:948:21: warning: format ‘%d’ expects argument of type ‘int’, but argument 5 has type ‘BUN {aka long unsigned int}’ [-Wformat=]
/home/tomt/src/MonetDB/geom/monetdb5/geomBulk.c: In function ‘WKBtoINT_bat’:
/home/tomt/src/MonetDB/geom/monetdb5/geomBulk.c:1050:21: warning: format ‘%d’ expects argument of type ‘int’, but argument 4 has type ‘BUN {aka long unsigned int}’ [-Wformat=]
     fprintf(stdout, "%s %d %d\n", name, p, q);
                     ^
/home/tomt/src/MonetDB/geom/monetdb5/geomBulk.c:1050:21: warning: format ‘%d’ expects argument of type ‘int’, but argument 5 has type ‘BUN {aka long unsigned int}’ [-Wformat=]
/home/tomt/src/MonetDB/geom/monetdb5/geomBulk.c: In function ‘WKBtoINTflagINT_bat’:
/home/tomt/src/MonetDB/geom/monetdb5/geomBulk.c:1138:21: warning: format ‘%d’ expects argument of type ‘int’, but argument 4 has type ‘BUN {aka long unsigned int}’ [-Wformat=]
     fprintf(stdout, "%s %d %d\n", name, p, q);
                     ^
/home/tomt/src/MonetDB/geom/monetdb5/geomBulk.c:1138:21: warning: format ‘%d’ expects argument of type ‘int’, but argument 5 has type ‘BUN {aka long unsigned int}’ [-Wformat=]
/home/tomt/src/MonetDB/geom/monetdb5/geomBulk.c: In function ‘wkbGetCoordinate_bat’:
/home/tomt/src/MonetDB/geom/monetdb5/geomBulk.c:1226:21: warning: format ‘%d’ expects argument of type ‘int’, but argument 3 has type ‘BUN {aka long unsigned int}’ [-Wformat=]
     fprintf(stdout, "batgeom.wkbGetCoordinate %d %d\n", p, q);
                     ^
/home/tomt/src/MonetDB/geom/monetdb5/geomBulk.c:1226:21: warning: format ‘%d’ expects argument of type ‘int’, but argument 4 has type ‘BUN {aka long unsigned int}’ [-Wformat=]
/home/tomt/src/MonetDB/geom/monetdb5/geomBulk.c: In function ‘WKBtoWKBxyzDBL_bat’:
/home/tomt/src/MonetDB/geom/monetdb5/geomBulk.c:1333:21: warning: format ‘%d’ expects argument of type ‘int’, but argument 4 has type ‘BUN {aka long unsigned int}’ [-Wformat=]
     fprintf(stdout, "%s %d %d\n", name, p, q);
                     ^
/home/tomt/src/MonetDB/geom/monetdb5/geomBulk.c:1333:21: warning: format ‘%d’ expects argument of type ‘int’, but argument 5 has type ‘BUN {aka long unsigned int}’ [-Wformat=]
ar: `u' modifier ignored since `D' is the default (see `U')
libtool: warning: relinking 'libmapi.la'
libtool: warning: relinking 'libMonetODBC.la'
libtool: warning: relinking 'libbat.la'
libtool: warning: relinking 'libmonetdb5.la'
libtool: warning: relinking 'lib_opt_sql_append.la'
libtool: warning: relinking 'lib_pyapi.la'
libtool: warning: relinking 'lib_lidar.la'
libtool: warning: relinking 'lib_shp.la'
libtool: warning: relinking 'lib_vault.la'
libtool: warning: relinking 'lib_udf.la'
libtool: warning: relinking 'lib_lsst.la'
libtool: warning: relinking 'lib_generator.la'
libtool: warning: relinking 'lib_sql.la'
libtool: warning: relinking 'lib_sfcgal.la'
libtool: warning: relinking 'lib_geom.la'
